<?xml version="1.0" encoding="UTF-8"?>
<robot generator="Robot 6.1.1 (Python 3.10.12 on win32)" generated="20230928 19:17:35.496" rpa="true" schemaversion="4">
<suite id="s1" name="Tasks" source="c:\Users\bruno\OneDrive\Documentos\diretorio_padrao\my-rsb-robot\tasks.robot">
<test id="s1-t1" name="Insert the sales data for the week and export it as a PDF" line="10">
<kw name="Open the intranet website">
<kw name="Open Available Browser" library="RPA.Browser.Selenium">
<arg>https://robotsparebinindustries.com/</arg>
<doc>Attempts to open a browser on the user's device from a set of
supported browsers. Automatically downloads a corresponding webdriver
if none is already installed.</doc>
<msg timestamp="20230928 19:17:40.665" level="INFO">====== WebDriver manager ======</msg>
<msg timestamp="20230928 19:17:41.954" level="INFO">Downloaded webdriver to: C:\Users\bruno\AppData\Local\robocorp\webdrivers\.wdm\drivers\chromedriver\win64\117.0.5938.92\chromedriver-win32/chromedriver.exe</msg>
<msg timestamp="20230928 19:17:41.993" level="INFO">Webdriver version taken into use: ChromeDriver 117.0.5938.92 (67649b10b92bb182fba357831ef7dd6a1baa5648-refs/branch-heads/5938_62@{#14})
</msg>
<msg timestamp="20230928 19:17:43.250" level="INFO">Targeted browser version: 117.0.5938.92</msg>
<msg timestamp="20230928 19:17:43.250" level="INFO">Creating an instance of the Chrome WebDriver.</msg>
<msg timestamp="20230928 19:17:44.683" level="INFO">Created Chrome browser with arguments: --disable-dev-shm-usage --disable-web-security --allow-running-insecure-content --no-sandbox</msg>
<msg timestamp="20230928 19:17:44.691" level="INFO" html="true">&lt;p&gt;Attempted combinations:&lt;/p&gt;&lt;div class="doc"&gt;&lt;table&gt;&lt;tr&gt;&lt;th&gt;Browser&lt;/th&gt;&lt;th&gt;Download&lt;/th&gt;&lt;th&gt;Error&lt;/th&gt;&lt;/tr&gt;&lt;tr&gt;&lt;td&gt;Chrome&lt;/td&gt;&lt;td&gt;False&lt;/td&gt;&lt;td&gt;Message: Webdriver executable 'chromedriver' is not in PATH (with disabled Selenium Manager)
&lt;/td&gt;&lt;/tr&gt;&lt;tr&gt;&lt;td&gt;Chrome&lt;/td&gt;&lt;td&gt;True&lt;/td&gt;&lt;td&gt;&lt;/td&gt;&lt;/tr&gt;&lt;/table&gt;&lt;/div&gt;</msg>
<msg timestamp="20230928 19:17:44.693" level="INFO">Opening url 'https://robotsparebinindustries.com/'</msg>
<status status="PASS" starttime="20230928 19:17:39.984" endtime="20230928 19:17:45.601"/>
</kw>
<status status="PASS" starttime="20230928 19:17:39.972" endtime="20230928 19:17:45.604"/>
</kw>
<kw name="Log in">
<kw name="Input Text" library="RPA.Browser.Selenium">
<arg>username</arg>
<arg>maria</arg>
<doc>Types the given ``text`` into the text field identified by ``locator``.</doc>
<msg timestamp="20230928 19:17:45.627" level="INFO">Typing text 'maria' into text field 'username'.</msg>
<status status="PASS" starttime="20230928 19:17:45.619" endtime="20230928 19:17:45.880"/>
</kw>
<kw name="Input Password" library="RPA.Browser.Selenium">
<arg>password</arg>
<arg>thoushallnotpass</arg>
<doc>Types the given password into the text field identified by ``locator``.</doc>
<msg timestamp="20230928 19:17:45.893" level="INFO">Typing password into text field 'password'.</msg>
<msg timestamp="20230928 19:17:45.958" level="INFO">Temporally setting log level to: NONE</msg>
<msg timestamp="20230928 19:17:46.067" level="INFO">Log level changed from NONE to INFO.</msg>
<status status="PASS" starttime="20230928 19:17:45.880" endtime="20230928 19:17:46.067"/>
</kw>
<kw name="Submit Form" library="RPA.Browser.Selenium">
<doc>Submits a form identified by ``locator``.</doc>
<msg timestamp="20230928 19:17:46.075" level="INFO">Submitting form 'None'.</msg>
<status status="PASS" starttime="20230928 19:17:46.073" endtime="20230928 19:17:46.127"/>
</kw>
<kw name="Wait Until Page Contains Element" library="RPA.Browser.Selenium">
<arg>id:sales-form</arg>
<doc>Waits until the element ``locator`` appears on the current page.</doc>
<status status="PASS" starttime="20230928 19:17:46.127" endtime="20230928 19:17:48.327"/>
</kw>
<status status="PASS" starttime="20230928 19:17:45.615" endtime="20230928 19:17:48.327"/>
</kw>
<kw name="Download the Excel file">
<kw name="Download" library="RPA.HTTP">
<arg>https://robotsparebinindustries.com/SalesData.xlsx</arg>
<arg>overwrite=True</arg>
<doc>An alias for the ``HTTP Get`` keyword.</doc>
<msg timestamp="20230928 19:17:48.346" level="INFO">Creating a new HTTP session</msg>
<msg timestamp="20230928 19:17:48.348" level="INFO">Creating Session using : alias=rpasession_alias.httpsrobotsparebinindustries.com, url=https://robotsparebinindustries.com, headers={},                     cookies={}, auth=None, timeout=None, proxies=None, verify=True,                     debug=0 </msg>
<status status="PASS" starttime="20230928 19:17:48.341" endtime="20230928 19:17:49.441"/>
</kw>
<status status="PASS" starttime="20230928 19:17:48.327" endtime="20230928 19:17:49.441"/>
</kw>
<kw name="Fill the form using the data from the Excel file">
<kw name="Open Workbook" library="RPA.Excel.Files">
<arg>SalesData.xlsx</arg>
<doc>Open an existing Excel workbook.</doc>
<msg timestamp="20230928 19:17:49.574" level="INFO">Opened workbook: &lt;RPA.Excel.Files.XlsxWorkbook object at 0x000001DFC7F2E710&gt;</msg>
<status status="PASS" starttime="20230928 19:17:49.456" endtime="20230928 19:17:49.575"/>
</kw>
<kw name="Read Worksheet As Table" library="RPA.Excel.Files">
<var>${sales_reps}</var>
<arg>header=True</arg>
<doc>Read the contents of a worksheet into a Table container. Allows
sorting/filtering/manipulating using the ``RPA.Tables`` library.</doc>
<msg timestamp="20230928 19:17:49.594" level="INFO">Created table: Table(columns=['First Name', 'Last Name', 'Sales', 'Sales Target'], rows=50)</msg>
<msg timestamp="20230928 19:17:49.594" level="INFO">${sales_reps} = Table(columns=['First Name', 'Last Name', 'Sales', 'Sales Target'], rows=50)</msg>
<status status="PASS" starttime="20230928 19:17:49.576" endtime="20230928 19:17:49.594"/>
</kw>
<kw name="Close Workbook" library="RPA.Excel.Files">
<doc>Close the active workbook.</doc>
<msg timestamp="20230928 19:17:49.594" level="INFO">Closing workbook: &lt;RPA.Excel.Files.XlsxWorkbook object at 0x000001DFC7F2E710&gt;</msg>
<status status="PASS" starttime="20230928 19:17:49.594" endtime="20230928 19:17:49.594"/>
</kw>
<for flavor="IN">
<var>${sales_rep}</var>
<value>@{sales_reps}</value>
<iter>
<var name="${sales_rep}">{'First Name': 'David', 'Last Name': 'Heazel', 'Sales': 80193, 'Sales Target': 30000}</var>
<kw name="Fill and submit the form for one person">
<arg>${sales_rep}</arg>
<kw name="Input Text" library="RPA.Browser.Selenium">
<arg>firstname</arg>
<arg>${sales_rep}[First Name]</arg>
<doc>Types the given ``text`` into the text field identified by ``locator``.</doc>
<msg timestamp="20230928 19:17:49.610" level="INFO">Typing text 'David' into text field 'firstname'.</msg>
<status status="PASS" starttime="20230928 19:17:49.610" endtime="20230928 19:17:49.744"/>
</kw>
<kw name="Input Text" library="RPA.Browser.Selenium">
<arg>lastname</arg>
<arg>${sales_rep}[Last Name]</arg>
<doc>Types the given ``text`` into the text field identified by ``locator``.</doc>
<msg timestamp="20230928 19:17:49.760" level="INFO">Typing text 'Heazel' into text field 'lastname'.</msg>
<status status="PASS" starttime="20230928 19:17:49.744" endtime="20230928 19:17:49.880"/>
</kw>
<kw name="Input Text" library="RPA.Browser.Selenium">
<arg>salesresult</arg>
<arg>${sales_rep}[Sales]</arg>
<doc>Types the given ``text`` into the text field identified by ``locator``.</doc>
<msg timestamp="20230928 19:17:49.895" level="INFO">Typing text '80193' into text field 'salesresult'.</msg>
<status status="PASS" starttime="20230928 19:17:49.892" endtime="20230928 19:17:50.110"/>
</kw>
<kw name="Select From List By Value" library="RPA.Browser.Selenium">
<arg>salestarget</arg>
<arg>${sales_rep}[Sales Target]</arg>
<doc>Selects options from selection list ``locator`` by ``values``.</doc>
<msg timestamp="20230928 19:17:50.126" level="INFO">Selecting options from selection list 'salestarget' by value 30000.</msg>
<status status="PASS" starttime="20230928 19:17:50.110" endtime="20230928 19:17:50.250"/>
</kw>
<kw name="Click Button" library="RPA.Browser.Selenium">
<arg>Submit</arg>
<doc>Clicks the button identified by ``locator``.</doc>
<msg timestamp="20230928 19:17:50.260" level="INFO">Clicking button 'Submit'.</msg>
<status status="PASS" starttime="20230928 19:17:50.250" endtime="20230928 19:17:50.490"/>
</kw>
<status status="PASS" starttime="20230928 19:17:49.610" endtime="20230928 19:17:50.493"/>
</kw>
<status status="PASS" starttime="20230928 19:17:49.610" endtime="20230928 19:17:50.495"/>
</iter>
<iter>
<var name="${sales_rep}">{'First Name': 'Conte', 'Last Name': 'Mascetti', 'Sales': 141182, 'Sales Target': 35000}</var>
<kw name="Fill and submit the form for one person">
<arg>${sales_rep}</arg>
<kw name="Input Text" library="RPA.Browser.Selenium">
<arg>firstname</arg>
<arg>${sales_rep}[First Name]</arg>
<doc>Types the given ``text`` into the text field identified by ``locator``.</doc>
<msg timestamp="20230928 19:17:50.516" level="INFO">Typing text 'Conte' into text field 'firstname'.</msg>
<status status="PASS" starttime="20230928 19:17:50.510" endtime="20230928 19:17:50.716"/>
</kw>
<kw name="Input Text" library="RPA.Browser.Selenium">
<arg>lastname</arg>
<arg>${sales_rep}[Last Name]</arg>
<doc>Types the given ``text`` into the text field identified by ``locator``.</doc>
<msg timestamp="20230928 19:17:50.725" level="INFO">Typing text 'Mascetti' into text field 'lastname'.</msg>
<status status="PASS" starttime="20230928 19:17:50.719" endtime="20230928 19:17:50.874"/>
</kw>
<kw name="Input Text" library="RPA.Browser.Selenium">
<arg>salesresult</arg>
<arg>${sales_rep}[Sales]</arg>
<doc>Types the given ``text`` into the text field identified by ``locator``.</doc>
<msg timestamp="20230928 19:17:50.884" level="INFO">Typing text '141182' into text field 'salesresult'.</msg>
<status status="PASS" starttime="20230928 19:17:50.877" endtime="20230928 19:17:50.996"/>
</kw>
<kw name="Select From List By Value" library="RPA.Browser.Selenium">
<arg>salestarget</arg>
<arg>${sales_rep}[Sales Target]</arg>
<doc>Selects options from selection list ``locator`` by ``values``.</doc>
<msg timestamp="20230928 19:17:51.012" level="INFO">Selecting options from selection list 'salestarget' by value 35000.</msg>
<status status="PASS" starttime="20230928 19:17:50.996" endtime="20230928 19:17:51.111"/>
</kw>
<kw name="Click Button" library="RPA.Browser.Selenium">
<arg>Submit</arg>
<doc>Clicks the button identified by ``locator``.</doc>
<msg timestamp="20230928 19:17:51.111" level="INFO">Clicking button 'Submit'.</msg>
<status status="PASS" starttime="20230928 19:17:51.111" endtime="20230928 19:17:51.229"/>
</kw>
<status status="PASS" starttime="20230928 19:17:50.504" endtime="20230928 19:17:51.229"/>
</kw>
<status status="PASS" starttime="20230928 19:17:50.500" endtime="20230928 19:17:51.229"/>
</iter>
<iter>
<var name="${sales_rep}">{'First Name': 'Dallon', 'Last Name': 'Seals', 'Sales': 61456, 'Sales Target': 15000}</var>
<kw name="Fill and submit the form for one person">
<arg>${sales_rep}</arg>
<kw name="Input Text" library="RPA.Browser.Selenium">
<arg>firstname</arg>
<arg>${sales_rep}[First Name]</arg>
<doc>Types the given ``text`` into the text field identified by ``locator``.</doc>
<msg timestamp="20230928 19:17:51.262" level="INFO">Typing text 'Dallon' into text field 'firstname'.</msg>
<status status="PASS" starttime="20230928 19:17:51.255" endtime="20230928 19:17:51.402"/>
</kw>
<kw name="Input Text" library="RPA.Browser.Selenium">
<arg>lastname</arg>
<arg>${sales_rep}[Last Name]</arg>
<doc>Types the given ``text`` into the text field identified by ``locator``.</doc>
<msg timestamp="20230928 19:17:51.412" level="INFO">Typing text 'Seals' into text field 'lastname'.</msg>
<status status="PASS" starttime="20230928 19:17:51.402" endtime="20230928 19:17:51.531"/>
</kw>
<kw name="Input Text" library="RPA.Browser.Selenium">
<arg>salesresult</arg>
<arg>${sales_rep}[Sales]</arg>
<doc>Types the given ``text`` into the text field identified by ``locator``.</doc>
<msg timestamp="20230928 19:17:51.544" level="INFO">Typing text '61456' into text field 'salesresult'.</msg>
<status status="PASS" starttime="20230928 19:17:51.531" endtime="20230928 19:17:51.663"/>
</kw>
<kw name="Select From List By Value" library="RPA.Browser.Selenium">
<arg>salestarget</arg>
<arg>${sales_rep}[Sales Target]</arg>
<doc>Selects options from selection list ``locator`` by ``values``.</doc>
<msg timestamp="20230928 19:17:51.663" level="INFO">Selecting options from selection list 'salestarget' by value 15000.</msg>
<status status="PASS" starttime="20230928 19:17:51.663" endtime="20230928 19:17:51.763"/>
</kw>
<kw name="Click Button" library="RPA.Browser.Selenium">
<arg>Submit</arg>
<doc>Clicks the button identified by ``locator``.</doc>
<msg timestamp="20230928 19:17:51.763" level="INFO">Clicking button 'Submit'.</msg>
<status status="PASS" starttime="20230928 19:17:51.763" endtime="20230928 19:17:51.880"/>
</kw>
<status status="PASS" starttime="20230928 19:17:51.249" endtime="20230928 19:17:51.880"/>
</kw>
<status status="PASS" starttime="20230928 19:17:51.246" endtime="20230928 19:17:51.880"/>
</iter>
<iter>
<var name="${sales_rep}">{'First Name': 'Jocelyn', 'Last Name': 'Thomsson', 'Sales': 99354, 'Sales Target': 95000}</var>
<kw name="Fill and submit the form for one person">
<arg>${sales_rep}</arg>
<kw name="Input Text" library="RPA.Browser.Selenium">
<arg>firstname</arg>
<arg>${sales_rep}[First Name]</arg>
<doc>Types the given ``text`` into the text field identified by ``locator``.</doc>
<msg timestamp="20230928 19:17:51.911" level="INFO">Typing text 'Jocelyn' into text field 'firstname'.</msg>
<status status="PASS" starttime="20230928 19:17:51.903" endtime="20230928 19:17:52.047"/>
</kw>
<kw name="Input Text" library="RPA.Browser.Selenium">
<arg>lastname</arg>
<arg>${sales_rep}[Last Name]</arg>
<doc>Types the given ``text`` into the text field identified by ``locator``.</doc>
<msg timestamp="20230928 19:17:52.069" level="INFO">Typing text 'Thomsson' into text field 'lastname'.</msg>
<status status="PASS" starttime="20230928 19:17:52.063" endtime="20230928 19:17:52.186"/>
</kw>
<kw name="Input Text" library="RPA.Browser.Selenium">
<arg>salesresult</arg>
<arg>${sales_rep}[Sales]</arg>
<doc>Types the given ``text`` into the text field identified by ``locator``.</doc>
<msg timestamp="20230928 19:17:52.196" level="INFO">Typing text '99354' into text field 'salesresult'.</msg>
<status status="PASS" starttime="20230928 19:17:52.186" endtime="20230928 19:17:52.296"/>
</kw>
<kw name="Select From List By Value" library="RPA.Browser.Selenium">
<arg>salestarget</arg>
<arg>${sales_rep}[Sales Target]</arg>
<doc>Selects options from selection list ``locator`` by ``values``.</doc>
<msg timestamp="20230928 19:17:52.314" level="INFO">Selecting options from selection list 'salestarget' by value 95000.</msg>
<status status="PASS" starttime="20230928 19:17:52.311" endtime="20230928 19:17:52.425"/>
</kw>
<kw name="Click Button" library="RPA.Browser.Selenium">
<arg>Submit</arg>
<doc>Clicks the button identified by ``locator``.</doc>
<msg timestamp="20230928 19:17:52.429" level="INFO">Clicking button 'Submit'.</msg>
<status status="PASS" starttime="20230928 19:17:52.427" endtime="20230928 19:17:52.668"/>
</kw>
<status status="PASS" starttime="20230928 19:17:51.898" endtime="20230928 19:17:52.670"/>
</kw>
<status status="PASS" starttime="20230928 19:17:51.895" endtime="20230928 19:17:52.672"/>
</iter>
<iter>
<var name="${sales_rep}">{'First Name': 'Yoko', 'Last Name': 'Flecknell', 'Sales': 139701, 'Sales Target': 50000}</var>
<kw name="Fill and submit the form for one person">
<arg>${sales_rep}</arg>
<kw name="Input Text" library="RPA.Browser.Selenium">
<arg>firstname</arg>
<arg>${sales_rep}[First Name]</arg>
<doc>Types the given ``text`` into the text field identified by ``locator``.</doc>
<msg timestamp="20230928 19:17:52.693" level="INFO">Typing text 'Yoko' into text field 'firstname'.</msg>
<status status="PASS" starttime="20230928 19:17:52.687" endtime="20230928 19:17:52.899"/>
</kw>
<kw name="Input Text" library="RPA.Browser.Selenium">
<arg>lastname</arg>
<arg>${sales_rep}[Last Name]</arg>
<doc>Types the given ``text`` into the text field identified by ``locator``.</doc>
<msg timestamp="20230928 19:17:52.899" level="INFO">Typing text 'Flecknell' into text field 'lastname'.</msg>
<status status="PASS" starttime="20230928 19:17:52.899" endtime="20230928 19:17:53.038"/>
</kw>
<kw name="Input Text" library="RPA.Browser.Selenium">
<arg>salesresult</arg>
<arg>${sales_rep}[Sales]</arg>
<doc>Types the given ``text`` into the text field identified by ``locator``.</doc>
<msg timestamp="20230928 19:17:53.047" level="INFO">Typing text '139701' into text field 'salesresult'.</msg>
<status status="PASS" starttime="20230928 19:17:53.045" endtime="20230928 19:17:53.169"/>
</kw>
<kw name="Select From List By Value" library="RPA.Browser.Selenium">
<arg>salestarget</arg>
<arg>${sales_rep}[Sales Target]</arg>
<doc>Selects options from selection list ``locator`` by ``values``.</doc>
<msg timestamp="20230928 19:17:53.169" level="INFO">Selecting options from selection list 'salestarget' by value 50000.</msg>
<status status="PASS" starttime="20230928 19:17:53.169" endtime="20230928 19:17:53.270"/>
</kw>
<kw name="Click Button" library="RPA.Browser.Selenium">
<arg>Submit</arg>
<doc>Clicks the button identified by ``locator``.</doc>
<msg timestamp="20230928 19:17:53.270" level="INFO">Clicking button 'Submit'.</msg>
<status status="PASS" starttime="20230928 19:17:53.270" endtime="20230928 19:17:53.426"/>
</kw>
<status status="PASS" starttime="20230928 19:17:52.680" endtime="20230928 19:17:53.428"/>
</kw>
<status status="PASS" starttime="20230928 19:17:52.674" endtime="20230928 19:17:53.431"/>
</iter>
<iter>
<var name="${sales_rep}">{'First Name': 'Ninnette', 'Last Name': 'Heinssen', 'Sales': 63808, 'Sales Target': 25000}</var>
<kw name="Fill and submit the form for one person">
<arg>${sales_rep}</arg>
<kw name="Input Text" library="RPA.Browser.Selenium">
<arg>firstname</arg>
<arg>${sales_rep}[First Name]</arg>
<doc>Types the given ``text`` into the text field identified by ``locator``.</doc>
<msg timestamp="20230928 19:17:53.433" level="INFO">Typing text 'Ninnette' into text field 'firstname'.</msg>
<status status="PASS" starttime="20230928 19:17:53.433" endtime="20230928 19:17:53.569"/>
</kw>
<kw name="Input Text" library="RPA.Browser.Selenium">
<arg>lastname</arg>
<arg>${sales_rep}[Last Name]</arg>
<doc>Types the given ``text`` into the text field identified by ``locator``.</doc>
<msg timestamp="20230928 19:17:53.569" level="INFO">Typing text 'Heinssen' into text field 'lastname'.</msg>
<status status="PASS" starttime="20230928 19:17:53.569" endtime="20230928 19:17:53.730"/>
</kw>
<kw name="Input Text" library="RPA.Browser.Selenium">
<arg>salesresult</arg>
<arg>${sales_rep}[Sales]</arg>
<doc>Types the given ``text`` into the text field identified by ``locator``.</doc>
<msg timestamp="20230928 19:17:53.731" level="INFO">Typing text '63808' into text field 'salesresult'.</msg>
<status status="PASS" starttime="20230928 19:17:53.731" endtime="20230928 19:17:53.864"/>
</kw>
<kw name="Select From List By Value" library="RPA.Browser.Selenium">
<arg>salestarget</arg>
<arg>${sales_rep}[Sales Target]</arg>
<doc>Selects options from selection list ``locator`` by ``values``.</doc>
<msg timestamp="20230928 19:17:53.864" level="INFO">Selecting options from selection list 'salestarget' by value 25000.</msg>
<status status="PASS" starttime="20230928 19:17:53.864" endtime="20230928 19:17:53.980"/>
</kw>
<kw name="Click Button" library="RPA.Browser.Selenium">
<arg>Submit</arg>
<doc>Clicks the button identified by ``locator``.</doc>
<msg timestamp="20230928 19:17:53.980" level="INFO">Clicking button 'Submit'.</msg>
<status status="PASS" starttime="20230928 19:17:53.980" endtime="20230928 19:17:54.153"/>
</kw>
<status status="PASS" starttime="20230928 19:17:53.433" endtime="20230928 19:17:54.153"/>
</kw>
<status status="PASS" starttime="20230928 19:17:53.433" endtime="20230928 19:17:54.153"/>
</iter>
<iter>
<var name="${sales_rep}">{'First Name': 'Ahmed', 'Last Name': 'Vasnetsov', 'Sales': 50211, 'Sales Target': 60000}</var>
<kw name="Fill and submit the form for one person">
<arg>${sales_rep}</arg>
<kw name="Input Text" library="RPA.Browser.Selenium">
<arg>firstname</arg>
<arg>${sales_rep}[First Name]</arg>
<doc>Types the given ``text`` into the text field identified by ``locator``.</doc>
<msg timestamp="20230928 19:17:54.178" level="INFO">Typing text 'Ahmed' into text field 'firstname'.</msg>
<status status="PASS" starttime="20230928 19:17:54.172" endtime="20230928 19:17:54.304"/>
</kw>
<kw name="Input Text" library="RPA.Browser.Selenium">
<arg>lastname</arg>
<arg>${sales_rep}[Last Name]</arg>
<doc>Types the given ``text`` into the text field identified by ``locator``.</doc>
<msg timestamp="20230928 19:17:54.318" level="INFO">Typing text 'Vasnetsov' into text field 'lastname'.</msg>
<status status="PASS" starttime="20230928 19:17:54.314" endtime="20230928 19:17:54.446"/>
</kw>
<kw name="Input Text" library="RPA.Browser.Selenium">
<arg>salesresult</arg>
<arg>${sales_rep}[Sales]</arg>
<doc>Types the given ``text`` into the text field identified by ``locator``.</doc>
<msg timestamp="20230928 19:17:54.448" level="INFO">Typing text '50211' into text field 'salesresult'.</msg>
<status status="PASS" starttime="20230928 19:17:54.448" endtime="20230928 19:17:54.567"/>
</kw>
<kw name="Select From List By Value" library="RPA.Browser.Selenium">
<arg>salestarget</arg>
<arg>${sales_rep}[Sales Target]</arg>
<doc>Selects options from selection list ``locator`` by ``values``.</doc>
<msg timestamp="20230928 19:17:54.567" level="INFO">Selecting options from selection list 'salestarget' by value 60000.</msg>
<status status="PASS" starttime="20230928 19:17:54.567" endtime="20230928 19:17:54.673"/>
</kw>
<kw name="Click Button" library="RPA.Browser.Selenium">
<arg>Submit</arg>
<doc>Clicks the button identified by ``locator``.</doc>
<msg timestamp="20230928 19:17:54.673" level="INFO">Clicking button 'Submit'.</msg>
<status status="PASS" starttime="20230928 19:17:54.673" endtime="20230928 19:17:54.783"/>
</kw>
<status status="PASS" starttime="20230928 19:17:54.168" endtime="20230928 19:17:54.797"/>
</kw>
<status status="PASS" starttime="20230928 19:17:54.165" endtime="20230928 19:17:54.799"/>
</iter>
<iter>
<var name="${sales_rep}">{'First Name': 'Pearline', 'Last Name': 'Fenton', 'Sales': 78556, 'Sales Target': 35000}</var>
<kw name="Fill and submit the form for one person">
<arg>${sales_rep}</arg>
<kw name="Input Text" library="RPA.Browser.Selenium">
<arg>firstname</arg>
<arg>${sales_rep}[First Name]</arg>
<doc>Types the given ``text`` into the text field identified by ``locator``.</doc>
<msg timestamp="20230928 19:17:54.820" level="INFO">Typing text 'Pearline' into text field 'firstname'.</msg>
<status status="PASS" starttime="20230928 19:17:54.813" endtime="20230928 19:17:54.969"/>
</kw>
<kw name="Input Text" library="RPA.Browser.Selenium">
<arg>lastname</arg>
<arg>${sales_rep}[Last Name]</arg>
<doc>Types the given ``text`` into the text field identified by ``locator``.</doc>
<msg timestamp="20230928 19:17:54.969" level="INFO">Typing text 'Fenton' into text field 'lastname'.</msg>
<status status="PASS" starttime="20230928 19:17:54.969" endtime="20230928 19:17:55.102"/>
</kw>
<kw name="Input Text" library="RPA.Browser.Selenium">
<arg>salesresult</arg>
<arg>${sales_rep}[Sales]</arg>
<doc>Types the given ``text`` into the text field identified by ``locator``.</doc>
<msg timestamp="20230928 19:17:55.115" level="INFO">Typing text '78556' into text field 'salesresult'.</msg>
<status status="PASS" starttime="20230928 19:17:55.102" endtime="20230928 19:17:55.233"/>
</kw>
<kw name="Select From List By Value" library="RPA.Browser.Selenium">
<arg>salestarget</arg>
<arg>${sales_rep}[Sales Target]</arg>
<doc>Selects options from selection list ``locator`` by ``values``.</doc>
<msg timestamp="20230928 19:17:55.249" level="INFO">Selecting options from selection list 'salestarget' by value 35000.</msg>
<status status="PASS" starttime="20230928 19:17:55.233" endtime="20230928 19:17:55.332"/>
</kw>
<kw name="Click Button" library="RPA.Browser.Selenium">
<arg>Submit</arg>
<doc>Clicks the button identified by ``locator``.</doc>
<msg timestamp="20230928 19:17:55.332" level="INFO">Clicking button 'Submit'.</msg>
<status status="PASS" starttime="20230928 19:17:55.332" endtime="20230928 19:17:55.506"/>
</kw>
<status status="PASS" starttime="20230928 19:17:54.806" endtime="20230928 19:17:55.506"/>
</kw>
<status status="PASS" starttime="20230928 19:17:54.802" endtime="20230928 19:17:55.506"/>
</iter>
<iter>
<var name="${sales_rep}">{'First Name': 'Lelah', 'Last Name': 'Yewdale', 'Sales': 122695, 'Sales Target': 100000}</var>
<kw name="Fill and submit the form for one person">
<arg>${sales_rep}</arg>
<kw name="Input Text" library="RPA.Browser.Selenium">
<arg>firstname</arg>
<arg>${sales_rep}[First Name]</arg>
<doc>Types the given ``text`` into the text field identified by ``locator``.</doc>
<msg timestamp="20230928 19:17:55.525" level="INFO">Typing text 'Lelah' into text field 'firstname'.</msg>
<status status="PASS" starttime="20230928 19:17:55.522" endtime="20230928 19:17:55.650"/>
</kw>
<kw name="Input Text" library="RPA.Browser.Selenium">
<arg>lastname</arg>
<arg>${sales_rep}[Last Name]</arg>
<doc>Types the given ``text`` into the text field identified by ``locator``.</doc>
<msg timestamp="20230928 19:17:55.655" level="INFO">Typing text 'Yewdale' into text field 'lastname'.</msg>
<status status="PASS" starttime="20230928 19:17:55.652" endtime="20230928 19:17:55.853"/>
</kw>
<kw name="Input Text" library="RPA.Browser.Selenium">
<arg>salesresult</arg>
<arg>${sales_rep}[Sales]</arg>
<doc>Types the given ``text`` into the text field identified by ``locator``.</doc>
<msg timestamp="20230928 19:17:55.853" level="INFO">Typing text '122695' into text field 'salesresult'.</msg>
<status status="PASS" starttime="20230928 19:17:55.853" endtime="20230928 19:17:55.974"/>
</kw>
<kw name="Select From List By Value" library="RPA.Browser.Selenium">
<arg>salestarget</arg>
<arg>${sales_rep}[Sales Target]</arg>
<doc>Selects options from selection list ``locator`` by ``values``.</doc>
<msg timestamp="20230928 19:17:55.974" level="INFO">Selecting options from selection list 'salestarget' by value 100000.</msg>
<status status="PASS" starttime="20230928 19:17:55.974" endtime="20230928 19:17:56.074"/>
</kw>
<kw name="Click Button" library="RPA.Browser.Selenium">
<arg>Submit</arg>
<doc>Clicks the button identified by ``locator``.</doc>
<msg timestamp="20230928 19:17:56.084" level="INFO">Clicking button 'Submit'.</msg>
<status status="PASS" starttime="20230928 19:17:56.074" endtime="20230928 19:17:56.201"/>
</kw>
<status status="PASS" starttime="20230928 19:17:55.520" endtime="20230928 19:17:56.201"/>
</kw>
<status status="PASS" starttime="20230928 19:17:55.517" endtime="20230928 19:17:56.201"/>
</iter>
<iter>
<var name="${sales_rep}">{'First Name': 'Belinda', 'Last Name': 'Blumenthal', 'Sales': 115410, 'Sales Target': 70000}</var>
<kw name="Fill and submit the form for one person">
<arg>${sales_rep}</arg>
<kw name="Input Text" library="RPA.Browser.Selenium">
<arg>firstname</arg>
<arg>${sales_rep}[First Name]</arg>
<doc>Types the given ``text`` into the text field identified by ``locator``.</doc>
<msg timestamp="20230928 19:17:56.233" level="INFO">Typing text 'Belinda' into text field 'firstname'.</msg>
<status status="PASS" starttime="20230928 19:17:56.225" endtime="20230928 19:17:56.366"/>
</kw>
<kw name="Input Text" library="RPA.Browser.Selenium">
<arg>lastname</arg>
<arg>${sales_rep}[Last Name]</arg>
<doc>Types the given ``text`` into the text field identified by ``locator``.</doc>
<msg timestamp="20230928 19:17:56.384" level="INFO">Typing text 'Blumenthal' into text field 'lastname'.</msg>
<status status="PASS" starttime="20230928 19:17:56.366" endtime="20230928 19:17:56.516"/>
</kw>
<kw name="Input Text" library="RPA.Browser.Selenium">
<arg>salesresult</arg>
<arg>${sales_rep}[Sales]</arg>
<doc>Types the given ``text`` into the text field identified by ``locator``.</doc>
<msg timestamp="20230928 19:17:56.516" level="INFO">Typing text '115410' into text field 'salesresult'.</msg>
<status status="PASS" starttime="20230928 19:17:56.516" endtime="20230928 19:17:56.632"/>
</kw>
<kw name="Select From List By Value" library="RPA.Browser.Selenium">
<arg>salestarget</arg>
<arg>${sales_rep}[Sales Target]</arg>
<doc>Selects options from selection list ``locator`` by ``values``.</doc>
<msg timestamp="20230928 19:17:56.649" level="INFO">Selecting options from selection list 'salestarget' by value 70000.</msg>
<status status="PASS" starttime="20230928 19:17:56.649" endtime="20230928 19:17:56.749"/>
</kw>
<kw name="Click Button" library="RPA.Browser.Selenium">
<arg>Submit</arg>
<doc>Clicks the button identified by ``locator``.</doc>
<msg timestamp="20230928 19:17:56.749" level="INFO">Clicking button 'Submit'.</msg>
<status status="PASS" starttime="20230928 19:17:56.749" endtime="20230928 19:17:56.909"/>
</kw>
<status status="PASS" starttime="20230928 19:17:56.219" endtime="20230928 19:17:56.909"/>
</kw>
<status status="PASS" starttime="20230928 19:17:56.201" endtime="20230928 19:17:56.916"/>
</iter>
<iter>
<var name="${sales_rep}">{'First Name': 'Antoni', 'Last Name': 'Degoe', 'Sales': 106991, 'Sales Target': 75000}</var>
<kw name="Fill and submit the form for one person">
<arg>${sales_rep}</arg>
<kw name="Input Text" library="RPA.Browser.Selenium">
<arg>firstname</arg>
<arg>${sales_rep}[First Name]</arg>
<doc>Types the given ``text`` into the text field identified by ``locator``.</doc>
<msg timestamp="20230928 19:17:56.927" level="INFO">Typing text 'Antoni' into text field 'firstname'.</msg>
<status status="PASS" starttime="20230928 19:17:56.924" endtime="20230928 19:17:57.064"/>
</kw>
<kw name="Input Text" library="RPA.Browser.Selenium">
<arg>lastname</arg>
<arg>${sales_rep}[Last Name]</arg>
<doc>Types the given ``text`` into the text field identified by ``locator``.</doc>
<msg timestamp="20230928 19:17:57.068" level="INFO">Typing text 'Degoe' into text field 'lastname'.</msg>
<status status="PASS" starttime="20230928 19:17:57.067" endtime="20230928 19:17:57.188"/>
</kw>
<kw name="Input Text" library="RPA.Browser.Selenium">
<arg>salesresult</arg>
<arg>${sales_rep}[Sales]</arg>
<doc>Types the given ``text`` into the text field identified by ``locator``.</doc>
<msg timestamp="20230928 19:17:57.202" level="INFO">Typing text '106991' into text field 'salesresult'.</msg>
<status status="PASS" starttime="20230928 19:17:57.188" endtime="20230928 19:17:57.324"/>
</kw>
<kw name="Select From List By Value" library="RPA.Browser.Selenium">
<arg>salestarget</arg>
<arg>${sales_rep}[Sales Target]</arg>
<doc>Selects options from selection list ``locator`` by ``values``.</doc>
<msg timestamp="20230928 19:17:57.330" level="INFO">Selecting options from selection list 'salestarget' by value 75000.</msg>
<status status="PASS" starttime="20230928 19:17:57.324" endtime="20230928 19:17:57.424"/>
</kw>
<kw name="Click Button" library="RPA.Browser.Selenium">
<arg>Submit</arg>
<doc>Clicks the button identified by ``locator``.</doc>
<msg timestamp="20230928 19:17:57.424" level="INFO">Clicking button 'Submit'.</msg>
<status status="PASS" starttime="20230928 19:17:57.424" endtime="20230928 19:17:57.587"/>
</kw>
<status status="PASS" starttime="20230928 19:17:56.922" endtime="20230928 19:17:57.600"/>
</kw>
<status status="PASS" starttime="20230928 19:17:56.919" endtime="20230928 19:17:57.602"/>
</iter>
<iter>
<var name="${sales_rep}">{'First Name': 'Donnamarie', 'Last Name': 'Watts', 'Sales': 25924, 'Sales Target': 85000}</var>
<kw name="Fill and submit the form for one person">
<arg>${sales_rep}</arg>
<kw name="Input Text" library="RPA.Browser.Selenium">
<arg>firstname</arg>
<arg>${sales_rep}[First Name]</arg>
<doc>Types the given ``text`` into the text field identified by ``locator``.</doc>
<msg timestamp="20230928 19:17:57.617" level="INFO">Typing text 'Donnamarie' into text field 'firstname'.</msg>
<status status="PASS" starttime="20230928 19:17:57.612" endtime="20230928 19:17:57.752"/>
</kw>
<kw name="Input Text" library="RPA.Browser.Selenium">
<arg>lastname</arg>
<arg>${sales_rep}[Last Name]</arg>
<doc>Types the given ``text`` into the text field identified by ``locator``.</doc>
<msg timestamp="20230928 19:17:57.752" level="INFO">Typing text 'Watts' into text field 'lastname'.</msg>
<status status="PASS" starttime="20230928 19:17:57.752" endtime="20230928 19:17:57.886"/>
</kw>
<kw name="Input Text" library="RPA.Browser.Selenium">
<arg>salesresult</arg>
<arg>${sales_rep}[Sales]</arg>
<doc>Types the given ``text`` into the text field identified by ``locator``.</doc>
<msg timestamp="20230928 19:17:57.902" level="INFO">Typing text '25924' into text field 'salesresult'.</msg>
<status status="PASS" starttime="20230928 19:17:57.886" endtime="20230928 19:17:58.031"/>
</kw>
<kw name="Select From List By Value" library="RPA.Browser.Selenium">
<arg>salestarget</arg>
<arg>${sales_rep}[Sales Target]</arg>
<doc>Selects options from selection list ``locator`` by ``values``.</doc>
<msg timestamp="20230928 19:17:58.035" level="INFO">Selecting options from selection list 'salestarget' by value 85000.</msg>
<status status="PASS" starttime="20230928 19:17:58.033" endtime="20230928 19:17:58.151"/>
</kw>
<kw name="Click Button" library="RPA.Browser.Selenium">
<arg>Submit</arg>
<doc>Clicks the button identified by ``locator``.</doc>
<msg timestamp="20230928 19:17:58.152" level="INFO">Clicking button 'Submit'.</msg>
<status status="PASS" starttime="20230928 19:17:58.152" endtime="20230928 19:17:58.284"/>
</kw>
<status status="PASS" starttime="20230928 19:17:57.608" endtime="20230928 19:17:58.286"/>
</kw>
<status status="PASS" starttime="20230928 19:17:57.606" endtime="20230928 19:17:58.288"/>
</iter>
<iter>
<var name="${sales_rep}">{'First Name': 'Anabella', 'Last Name': 'Blindermann', 'Sales': 43564, 'Sales Target': 85000}</var>
<kw name="Fill and submit the form for one person">
<arg>${sales_rep}</arg>
<kw name="Input Text" library="RPA.Browser.Selenium">
<arg>firstname</arg>
<arg>${sales_rep}[First Name]</arg>
<doc>Types the given ``text`` into the text field identified by ``locator``.</doc>
<msg timestamp="20230928 19:17:58.309" level="INFO">Typing text 'Anabella' into text field 'firstname'.</msg>
<status status="PASS" starttime="20230928 19:17:58.302" endtime="20230928 19:17:58.477"/>
</kw>
<kw name="Input Text" library="RPA.Browser.Selenium">
<arg>lastname</arg>
<arg>${sales_rep}[Last Name]</arg>
<doc>Types the given ``text`` into the text field identified by ``locator``.</doc>
<msg timestamp="20230928 19:17:58.490" level="INFO">Typing text 'Blindermann' into text field 'lastname'.</msg>
<status status="PASS" starttime="20230928 19:17:58.477" endtime="20230928 19:17:58.745"/>
</kw>
<kw name="Input Text" library="RPA.Browser.Selenium">
<arg>salesresult</arg>
<arg>${sales_rep}[Sales]</arg>
<doc>Types the given ``text`` into the text field identified by ``locator``.</doc>
<msg timestamp="20230928 19:17:58.755" level="INFO">Typing text '43564' into text field 'salesresult'.</msg>
<status status="PASS" starttime="20230928 19:17:58.753" endtime="20230928 19:17:58.905"/>
</kw>
<kw name="Select From List By Value" library="RPA.Browser.Selenium">
<arg>salestarget</arg>
<arg>${sales_rep}[Sales Target]</arg>
<doc>Selects options from selection list ``locator`` by ``values``.</doc>
<msg timestamp="20230928 19:17:58.905" level="INFO">Selecting options from selection list 'salestarget' by value 85000.</msg>
<status status="PASS" starttime="20230928 19:17:58.905" endtime="20230928 19:17:59.029"/>
</kw>
<kw name="Click Button" library="RPA.Browser.Selenium">
<arg>Submit</arg>
<doc>Clicks the button identified by ``locator``.</doc>
<msg timestamp="20230928 19:17:59.036" level="INFO">Clicking button 'Submit'.</msg>
<status status="PASS" starttime="20230928 19:17:59.035" endtime="20230928 19:17:59.219"/>
</kw>
<status status="PASS" starttime="20230928 19:17:58.296" endtime="20230928 19:17:59.221"/>
</kw>
<status status="PASS" starttime="20230928 19:17:58.292" endtime="20230928 19:17:59.223"/>
</iter>
<iter>
<var name="${sales_rep}">{'First Name': 'Fred', 'Last Name': 'Mengoni', 'Sales': 131725, 'Sales Target': 5000}</var>
<kw name="Fill and submit the form for one person">
<arg>${sales_rep}</arg>
<kw name="Input Text" library="RPA.Browser.Selenium">
<arg>firstname</arg>
<arg>${sales_rep}[First Name]</arg>
<doc>Types the given ``text`` into the text field identified by ``locator``.</doc>
<msg timestamp="20230928 19:17:59.235" level="INFO">Typing text 'Fred' into text field 'firstname'.</msg>
<status status="PASS" starttime="20230928 19:17:59.231" endtime="20230928 19:17:59.370"/>
</kw>
<kw name="Input Text" library="RPA.Browser.Selenium">
<arg>lastname</arg>
<arg>${sales_rep}[Last Name]</arg>
<doc>Types the given ``text`` into the text field identified by ``locator``.</doc>
<msg timestamp="20230928 19:17:59.370" level="INFO">Typing text 'Mengoni' into text field 'lastname'.</msg>
<status status="PASS" starttime="20230928 19:17:59.370" endtime="20230928 19:17:59.537"/>
</kw>
<kw name="Input Text" library="RPA.Browser.Selenium">
<arg>salesresult</arg>
<arg>${sales_rep}[Sales]</arg>
<doc>Types the given ``text`` into the text field identified by ``locator``.</doc>
<msg timestamp="20230928 19:17:59.539" level="INFO">Typing text '131725' into text field 'salesresult'.</msg>
<status status="PASS" starttime="20230928 19:17:59.539" endtime="20230928 19:17:59.757"/>
</kw>
<kw name="Select From List By Value" library="RPA.Browser.Selenium">
<arg>salestarget</arg>
<arg>${sales_rep}[Sales Target]</arg>
<doc>Selects options from selection list ``locator`` by ``values``.</doc>
<msg timestamp="20230928 19:17:59.757" level="INFO">Selecting options from selection list 'salestarget' by value 5000.</msg>
<status status="PASS" starttime="20230928 19:17:59.757" endtime="20230928 19:17:59.850"/>
</kw>
<kw name="Click Button" library="RPA.Browser.Selenium">
<arg>Submit</arg>
<doc>Clicks the button identified by ``locator``.</doc>
<msg timestamp="20230928 19:17:59.858" level="INFO">Clicking button 'Submit'.</msg>
<status status="PASS" starttime="20230928 19:17:59.852" endtime="20230928 19:18:00.099"/>
</kw>
<status status="PASS" starttime="20230928 19:17:59.227" endtime="20230928 19:18:00.101"/>
</kw>
<status status="PASS" starttime="20230928 19:17:59.226" endtime="20230928 19:18:00.104"/>
</iter>
<iter>
<var name="${sales_rep}">{'First Name': 'Nathanil', 'Last Name': 'Bragg', 'Sales': 100336, 'Sales Target': 35000}</var>
<kw name="Fill and submit the form for one person">
<arg>${sales_rep}</arg>
<kw name="Input Text" library="RPA.Browser.Selenium">
<arg>firstname</arg>
<arg>${sales_rep}[First Name]</arg>
<doc>Types the given ``text`` into the text field identified by ``locator``.</doc>
<msg timestamp="20230928 19:18:00.120" level="INFO">Typing text 'Nathanil' into text field 'firstname'.</msg>
<status status="PASS" starttime="20230928 19:18:00.115" endtime="20230928 19:18:00.411"/>
</kw>
<kw name="Input Text" library="RPA.Browser.Selenium">
<arg>lastname</arg>
<arg>${sales_rep}[Last Name]</arg>
<doc>Types the given ``text`` into the text field identified by ``locator``.</doc>
<msg timestamp="20230928 19:18:00.421" level="INFO">Typing text 'Bragg' into text field 'lastname'.</msg>
<status status="PASS" starttime="20230928 19:18:00.411" endtime="20230928 19:18:00.626"/>
</kw>
<kw name="Input Text" library="RPA.Browser.Selenium">
<arg>salesresult</arg>
<arg>${sales_rep}[Sales]</arg>
<doc>Types the given ``text`` into the text field identified by ``locator``.</doc>
<msg timestamp="20230928 19:18:00.641" level="INFO">Typing text '100336' into text field 'salesresult'.</msg>
<status status="PASS" starttime="20230928 19:18:00.626" endtime="20230928 19:18:00.811"/>
</kw>
<kw name="Select From List By Value" library="RPA.Browser.Selenium">
<arg>salestarget</arg>
<arg>${sales_rep}[Sales Target]</arg>
<doc>Selects options from selection list ``locator`` by ``values``.</doc>
<msg timestamp="20230928 19:18:00.824" level="INFO">Selecting options from selection list 'salestarget' by value 35000.</msg>
<status status="PASS" starttime="20230928 19:18:00.811" endtime="20230928 19:18:00.944"/>
</kw>
<kw name="Click Button" library="RPA.Browser.Selenium">
<arg>Submit</arg>
<doc>Clicks the button identified by ``locator``.</doc>
<msg timestamp="20230928 19:18:00.944" level="INFO">Clicking button 'Submit'.</msg>
<status status="PASS" starttime="20230928 19:18:00.944" endtime="20230928 19:18:01.142"/>
</kw>
<status status="PASS" starttime="20230928 19:18:00.110" endtime="20230928 19:18:01.144"/>
</kw>
<status status="PASS" starttime="20230928 19:18:00.107" endtime="20230928 19:18:01.148"/>
</iter>
<iter>
<var name="${sales_rep}">{'First Name': 'Casar', 'Last Name': 'Kubek', 'Sales': 143750, 'Sales Target': 100000}</var>
<kw name="Fill and submit the form for one person">
<arg>${sales_rep}</arg>
<kw name="Input Text" library="RPA.Browser.Selenium">
<arg>firstname</arg>
<arg>${sales_rep}[First Name]</arg>
<doc>Types the given ``text`` into the text field identified by ``locator``.</doc>
<msg timestamp="20230928 19:18:01.168" level="INFO">Typing text 'Casar' into text field 'firstname'.</msg>
<status status="PASS" starttime="20230928 19:18:01.162" endtime="20230928 19:18:01.355"/>
</kw>
<kw name="Input Text" library="RPA.Browser.Selenium">
<arg>lastname</arg>
<arg>${sales_rep}[Last Name]</arg>
<doc>Types the given ``text`` into the text field identified by ``locator``.</doc>
<msg timestamp="20230928 19:18:01.371" level="INFO">Typing text 'Kubek' into text field 'lastname'.</msg>
<status status="PASS" starttime="20230928 19:18:01.355" endtime="20230928 19:18:01.526"/>
</kw>
<kw name="Input Text" library="RPA.Browser.Selenium">
<arg>salesresult</arg>
<arg>${sales_rep}[Sales]</arg>
<doc>Types the given ``text`` into the text field identified by ``locator``.</doc>
<msg timestamp="20230928 19:18:01.540" level="INFO">Typing text '143750' into text field 'salesresult'.</msg>
<status status="PASS" starttime="20230928 19:18:01.526" endtime="20230928 19:18:01.690"/>
</kw>
<kw name="Select From List By Value" library="RPA.Browser.Selenium">
<arg>salestarget</arg>
<arg>${sales_rep}[Sales Target]</arg>
<doc>Selects options from selection list ``locator`` by ``values``.</doc>
<msg timestamp="20230928 19:18:01.690" level="INFO">Selecting options from selection list 'salestarget' by value 100000.</msg>
<status status="PASS" starttime="20230928 19:18:01.690" endtime="20230928 19:18:01.810"/>
</kw>
<kw name="Click Button" library="RPA.Browser.Selenium">
<arg>Submit</arg>
<doc>Clicks the button identified by ``locator``.</doc>
<msg timestamp="20230928 19:18:01.821" level="INFO">Clicking button 'Submit'.</msg>
<status status="PASS" starttime="20230928 19:18:01.810" endtime="20230928 19:18:01.972"/>
</kw>
<status status="PASS" starttime="20230928 19:18:01.155" endtime="20230928 19:18:01.988"/>
</kw>
<status status="PASS" starttime="20230928 19:18:01.151" endtime="20230928 19:18:01.990"/>
</iter>
<iter>
<var name="${sales_rep}">{'First Name': 'Myrtle', 'Last Name': 'Puddle', 'Sales': 22729, 'Sales Target': 10000}</var>
<kw name="Fill and submit the form for one person">
<arg>${sales_rep}</arg>
<kw name="Input Text" library="RPA.Browser.Selenium">
<arg>firstname</arg>
<arg>${sales_rep}[First Name]</arg>
<doc>Types the given ``text`` into the text field identified by ``locator``.</doc>
<msg timestamp="20230928 19:18:02.013" level="INFO">Typing text 'Myrtle' into text field 'firstname'.</msg>
<status status="PASS" starttime="20230928 19:18:02.006" endtime="20230928 19:18:02.353"/>
</kw>
<kw name="Input Text" library="RPA.Browser.Selenium">
<arg>lastname</arg>
<arg>${sales_rep}[Last Name]</arg>
<doc>Types the given ``text`` into the text field identified by ``locator``.</doc>
<msg timestamp="20230928 19:18:02.362" level="INFO">Typing text 'Puddle' into text field 'lastname'.</msg>
<status status="PASS" starttime="20230928 19:18:02.355" endtime="20230928 19:18:02.639"/>
</kw>
<kw name="Input Text" library="RPA.Browser.Selenium">
<arg>salesresult</arg>
<arg>${sales_rep}[Sales]</arg>
<doc>Types the given ``text`` into the text field identified by ``locator``.</doc>
<msg timestamp="20230928 19:18:02.644" level="INFO">Typing text '22729' into text field 'salesresult'.</msg>
<status status="PASS" starttime="20230928 19:18:02.642" endtime="20230928 19:18:02.796"/>
</kw>
<kw name="Select From List By Value" library="RPA.Browser.Selenium">
<arg>salestarget</arg>
<arg>${sales_rep}[Sales Target]</arg>
<doc>Selects options from selection list ``locator`` by ``values``.</doc>
<msg timestamp="20230928 19:18:02.807" level="INFO">Selecting options from selection list 'salestarget' by value 10000.</msg>
<status status="PASS" starttime="20230928 19:18:02.804" endtime="20230928 19:18:02.958"/>
</kw>
<kw name="Click Button" library="RPA.Browser.Selenium">
<arg>Submit</arg>
<doc>Clicks the button identified by ``locator``.</doc>
<msg timestamp="20230928 19:18:02.968" level="INFO">Clicking button 'Submit'.</msg>
<status status="PASS" starttime="20230928 19:18:02.958" endtime="20230928 19:18:03.216"/>
</kw>
<status status="PASS" starttime="20230928 19:18:01.999" endtime="20230928 19:18:03.218"/>
</kw>
<status status="PASS" starttime="20230928 19:18:01.995" endtime="20230928 19:18:03.220"/>
</iter>
<iter>
<var name="${sales_rep}">{'First Name': 'Devi', 'Last Name': 'Oag', 'Sales': 140919, 'Sales Target': 10000}</var>
<kw name="Fill and submit the form for one person">
<arg>${sales_rep}</arg>
<kw name="Input Text" library="RPA.Browser.Selenium">
<arg>firstname</arg>
<arg>${sales_rep}[First Name]</arg>
<doc>Types the given ``text`` into the text field identified by ``locator``.</doc>
<msg timestamp="20230928 19:18:03.238" level="INFO">Typing text 'Devi' into text field 'firstname'.</msg>
<status status="PASS" starttime="20230928 19:18:03.232" endtime="20230928 19:18:03.666"/>
</kw>
<kw name="Input Text" library="RPA.Browser.Selenium">
<arg>lastname</arg>
<arg>${sales_rep}[Last Name]</arg>
<doc>Types the given ``text`` into the text field identified by ``locator``.</doc>
<msg timestamp="20230928 19:18:03.676" level="INFO">Typing text 'Oag' into text field 'lastname'.</msg>
<status status="PASS" starttime="20230928 19:18:03.675" endtime="20230928 19:18:03.927"/>
</kw>
<kw name="Input Text" library="RPA.Browser.Selenium">
<arg>salesresult</arg>
<arg>${sales_rep}[Sales]</arg>
<doc>Types the given ``text`` into the text field identified by ``locator``.</doc>
<msg timestamp="20230928 19:18:03.937" level="INFO">Typing text '140919' into text field 'salesresult'.</msg>
<status status="PASS" starttime="20230928 19:18:03.929" endtime="20230928 19:18:04.112"/>
</kw>
<kw name="Select From List By Value" library="RPA.Browser.Selenium">
<arg>salestarget</arg>
<arg>${sales_rep}[Sales Target]</arg>
<doc>Selects options from selection list ``locator`` by ``values``.</doc>
<msg timestamp="20230928 19:18:04.120" level="INFO">Selecting options from selection list 'salestarget' by value 10000.</msg>
<status status="PASS" starttime="20230928 19:18:04.113" endtime="20230928 19:18:04.233"/>
</kw>
<kw name="Click Button" library="RPA.Browser.Selenium">
<arg>Submit</arg>
<doc>Clicks the button identified by ``locator``.</doc>
<msg timestamp="20230928 19:18:04.241" level="INFO">Clicking button 'Submit'.</msg>
<status status="PASS" starttime="20230928 19:18:04.233" endtime="20230928 19:18:04.361"/>
</kw>
<status status="PASS" starttime="20230928 19:18:03.227" endtime="20230928 19:18:04.361"/>
</kw>
<status status="PASS" starttime="20230928 19:18:03.225" endtime="20230928 19:18:04.374"/>
</iter>
<iter>
<var name="${sales_rep}">{'First Name': 'Emyle', 'Last Name': "O'Driscole", 'Sales': 70981, 'Sales Target': 10000}</var>
<kw name="Fill and submit the form for one person">
<arg>${sales_rep}</arg>
<kw name="Input Text" library="RPA.Browser.Selenium">
<arg>firstname</arg>
<arg>${sales_rep}[First Name]</arg>
<doc>Types the given ``text`` into the text field identified by ``locator``.</doc>
<msg timestamp="20230928 19:18:04.393" level="INFO">Typing text 'Emyle' into text field 'firstname'.</msg>
<status status="PASS" starttime="20230928 19:18:04.385" endtime="20230928 19:18:04.553"/>
</kw>
<kw name="Input Text" library="RPA.Browser.Selenium">
<arg>lastname</arg>
<arg>${sales_rep}[Last Name]</arg>
<doc>Types the given ``text`` into the text field identified by ``locator``.</doc>
<msg timestamp="20230928 19:18:04.561" level="INFO">Typing text 'O'Driscole' into text field 'lastname'.</msg>
<status status="PASS" starttime="20230928 19:18:04.555" endtime="20230928 19:18:04.699"/>
</kw>
<kw name="Input Text" library="RPA.Browser.Selenium">
<arg>salesresult</arg>
<arg>${sales_rep}[Sales]</arg>
<doc>Types the given ``text`` into the text field identified by ``locator``.</doc>
<msg timestamp="20230928 19:18:04.708" level="INFO">Typing text '70981' into text field 'salesresult'.</msg>
<status status="PASS" starttime="20230928 19:18:04.699" endtime="20230928 19:18:04.884"/>
</kw>
<kw name="Select From List By Value" library="RPA.Browser.Selenium">
<arg>salestarget</arg>
<arg>${sales_rep}[Sales Target]</arg>
<doc>Selects options from selection list ``locator`` by ``values``.</doc>
<msg timestamp="20230928 19:18:04.894" level="INFO">Selecting options from selection list 'salestarget' by value 10000.</msg>
<status status="PASS" starttime="20230928 19:18:04.890" endtime="20230928 19:18:05.015"/>
</kw>
<kw name="Click Button" library="RPA.Browser.Selenium">
<arg>Submit</arg>
<doc>Clicks the button identified by ``locator``.</doc>
<msg timestamp="20230928 19:18:05.015" level="INFO">Clicking button 'Submit'.</msg>
<status status="PASS" starttime="20230928 19:18:05.015" endtime="20230928 19:18:05.205"/>
</kw>
<status status="PASS" starttime="20230928 19:18:04.381" endtime="20230928 19:18:05.208"/>
</kw>
<status status="PASS" starttime="20230928 19:18:04.377" endtime="20230928 19:18:05.210"/>
</iter>
<iter>
<var name="${sales_rep}">{'First Name': 'Mickie', 'Last Name': 'Linbohm', 'Sales': 80516, 'Sales Target': 10000}</var>
<kw name="Fill and submit the form for one person">
<arg>${sales_rep}</arg>
<kw name="Input Text" library="RPA.Browser.Selenium">
<arg>firstname</arg>
<arg>${sales_rep}[First Name]</arg>
<doc>Types the given ``text`` into the text field identified by ``locator``.</doc>
<msg timestamp="20230928 19:18:05.227" level="INFO">Typing text 'Mickie' into text field 'firstname'.</msg>
<status status="PASS" starttime="20230928 19:18:05.219" endtime="20230928 19:18:05.397"/>
</kw>
<kw name="Input Text" library="RPA.Browser.Selenium">
<arg>lastname</arg>
<arg>${sales_rep}[Last Name]</arg>
<doc>Types the given ``text`` into the text field identified by ``locator``.</doc>
<msg timestamp="20230928 19:18:05.397" level="INFO">Typing text 'Linbohm' into text field 'lastname'.</msg>
<status status="PASS" starttime="20230928 19:18:05.397" endtime="20230928 19:18:05.534"/>
</kw>
<kw name="Input Text" library="RPA.Browser.Selenium">
<arg>salesresult</arg>
<arg>${sales_rep}[Sales]</arg>
<doc>Types the given ``text`` into the text field identified by ``locator``.</doc>
<msg timestamp="20230928 19:18:05.543" level="INFO">Typing text '80516' into text field 'salesresult'.</msg>
<status status="PASS" starttime="20230928 19:18:05.541" endtime="20230928 19:18:05.661"/>
</kw>
<kw name="Select From List By Value" library="RPA.Browser.Selenium">
<arg>salestarget</arg>
<arg>${sales_rep}[Sales Target]</arg>
<doc>Selects options from selection list ``locator`` by ``values``.</doc>
<msg timestamp="20230928 19:18:05.661" level="INFO">Selecting options from selection list 'salestarget' by value 10000.</msg>
<status status="PASS" starttime="20230928 19:18:05.661" endtime="20230928 19:18:05.743"/>
</kw>
<kw name="Click Button" library="RPA.Browser.Selenium">
<arg>Submit</arg>
<doc>Clicks the button identified by ``locator``.</doc>
<msg timestamp="20230928 19:18:05.743" level="INFO">Clicking button 'Submit'.</msg>
<status status="PASS" starttime="20230928 19:18:05.743" endtime="20230928 19:18:05.915"/>
</kw>
<status status="PASS" starttime="20230928 19:18:05.215" endtime="20230928 19:18:05.915"/>
</kw>
<status status="PASS" starttime="20230928 19:18:05.212" endtime="20230928 19:18:05.915"/>
</iter>
<iter>
<var name="${sales_rep}">{'First Name': 'Isaac', 'Last Name': 'Asimov', 'Sales': 118852, 'Sales Target': 65000}</var>
<kw name="Fill and submit the form for one person">
<arg>${sales_rep}</arg>
<kw name="Input Text" library="RPA.Browser.Selenium">
<arg>firstname</arg>
<arg>${sales_rep}[First Name]</arg>
<doc>Types the given ``text`` into the text field identified by ``locator``.</doc>
<msg timestamp="20230928 19:18:05.939" level="INFO">Typing text 'Isaac' into text field 'firstname'.</msg>
<status status="PASS" starttime="20230928 19:18:05.933" endtime="20230928 19:18:06.127"/>
</kw>
<kw name="Input Text" library="RPA.Browser.Selenium">
<arg>lastname</arg>
<arg>${sales_rep}[Last Name]</arg>
<doc>Types the given ``text`` into the text field identified by ``locator``.</doc>
<msg timestamp="20230928 19:18:06.127" level="INFO">Typing text 'Asimov' into text field 'lastname'.</msg>
<status status="PASS" starttime="20230928 19:18:06.127" endtime="20230928 19:18:06.262"/>
</kw>
<kw name="Input Text" library="RPA.Browser.Selenium">
<arg>salesresult</arg>
<arg>${sales_rep}[Sales]</arg>
<doc>Types the given ``text`` into the text field identified by ``locator``.</doc>
<msg timestamp="20230928 19:18:06.262" level="INFO">Typing text '118852' into text field 'salesresult'.</msg>
<status status="PASS" starttime="20230928 19:18:06.262" endtime="20230928 19:18:06.380"/>
</kw>
<kw name="Select From List By Value" library="RPA.Browser.Selenium">
<arg>salestarget</arg>
<arg>${sales_rep}[Sales Target]</arg>
<doc>Selects options from selection list ``locator`` by ``values``.</doc>
<msg timestamp="20230928 19:18:06.394" level="INFO">Selecting options from selection list 'salestarget' by value 65000.</msg>
<status status="PASS" starttime="20230928 19:18:06.380" endtime="20230928 19:18:06.485"/>
</kw>
<kw name="Click Button" library="RPA.Browser.Selenium">
<arg>Submit</arg>
<doc>Clicks the button identified by ``locator``.</doc>
<msg timestamp="20230928 19:18:06.485" level="INFO">Clicking button 'Submit'.</msg>
<status status="PASS" starttime="20230928 19:18:06.485" endtime="20230928 19:18:06.599"/>
</kw>
<status status="PASS" starttime="20230928 19:18:05.928" endtime="20230928 19:18:06.610"/>
</kw>
<status status="PASS" starttime="20230928 19:18:05.915" endtime="20230928 19:18:06.611"/>
</iter>
<iter>
<var name="${sales_rep}">{'First Name': 'Florence', 'Last Name': 'Mundow', 'Sales': 122953, 'Sales Target': 10000}</var>
<kw name="Fill and submit the form for one person">
<arg>${sales_rep}</arg>
<kw name="Input Text" library="RPA.Browser.Selenium">
<arg>firstname</arg>
<arg>${sales_rep}[First Name]</arg>
<doc>Types the given ``text`` into the text field identified by ``locator``.</doc>
<msg timestamp="20230928 19:18:06.629" level="INFO">Typing text 'Florence' into text field 'firstname'.</msg>
<status status="PASS" starttime="20230928 19:18:06.623" endtime="20230928 19:18:06.793"/>
</kw>
<kw name="Input Text" library="RPA.Browser.Selenium">
<arg>lastname</arg>
<arg>${sales_rep}[Last Name]</arg>
<doc>Types the given ``text`` into the text field identified by ``locator``.</doc>
<msg timestamp="20230928 19:18:06.799" level="INFO">Typing text 'Mundow' into text field 'lastname'.</msg>
<status status="PASS" starttime="20230928 19:18:06.796" endtime="20230928 19:18:06.914"/>
</kw>
<kw name="Input Text" library="RPA.Browser.Selenium">
<arg>salesresult</arg>
<arg>${sales_rep}[Sales]</arg>
<doc>Types the given ``text`` into the text field identified by ``locator``.</doc>
<msg timestamp="20230928 19:18:06.928" level="INFO">Typing text '122953' into text field 'salesresult'.</msg>
<status status="PASS" starttime="20230928 19:18:06.914" endtime="20230928 19:18:07.045"/>
</kw>
<kw name="Select From List By Value" library="RPA.Browser.Selenium">
<arg>salestarget</arg>
<arg>${sales_rep}[Sales Target]</arg>
<doc>Selects options from selection list ``locator`` by ``values``.</doc>
<msg timestamp="20230928 19:18:07.045" level="INFO">Selecting options from selection list 'salestarget' by value 10000.</msg>
<status status="PASS" starttime="20230928 19:18:07.045" endtime="20230928 19:18:07.134"/>
</kw>
<kw name="Click Button" library="RPA.Browser.Selenium">
<arg>Submit</arg>
<doc>Clicks the button identified by ``locator``.</doc>
<msg timestamp="20230928 19:18:07.143" level="INFO">Clicking button 'Submit'.</msg>
<status status="PASS" starttime="20230928 19:18:07.134" endtime="20230928 19:18:07.245"/>
</kw>
<status status="PASS" starttime="20230928 19:18:06.618" endtime="20230928 19:18:07.245"/>
</kw>
<status status="PASS" starttime="20230928 19:18:06.615" endtime="20230928 19:18:07.245"/>
</iter>
<iter>
<var name="${sales_rep}">{'First Name': 'Mahalia', 'Last Name': 'Goodee', 'Sales': 46997, 'Sales Target': 45000}</var>
<kw name="Fill and submit the form for one person">
<arg>${sales_rep}</arg>
<kw name="Input Text" library="RPA.Browser.Selenium">
<arg>firstname</arg>
<arg>${sales_rep}[First Name]</arg>
<doc>Types the given ``text`` into the text field identified by ``locator``.</doc>
<msg timestamp="20230928 19:18:07.278" level="INFO">Typing text 'Mahalia' into text field 'firstname'.</msg>
<status status="PASS" starttime="20230928 19:18:07.270" endtime="20230928 19:18:07.440"/>
</kw>
<kw name="Input Text" library="RPA.Browser.Selenium">
<arg>lastname</arg>
<arg>${sales_rep}[Last Name]</arg>
<doc>Types the given ``text`` into the text field identified by ``locator``.</doc>
<msg timestamp="20230928 19:18:07.443" level="INFO">Typing text 'Goodee' into text field 'lastname'.</msg>
<status status="PASS" starttime="20230928 19:18:07.441" endtime="20230928 19:18:07.561"/>
</kw>
<kw name="Input Text" library="RPA.Browser.Selenium">
<arg>salesresult</arg>
<arg>${sales_rep}[Sales]</arg>
<doc>Types the given ``text`` into the text field identified by ``locator``.</doc>
<msg timestamp="20230928 19:18:07.561" level="INFO">Typing text '46997' into text field 'salesresult'.</msg>
<status status="PASS" starttime="20230928 19:18:07.561" endtime="20230928 19:18:07.692"/>
</kw>
<kw name="Select From List By Value" library="RPA.Browser.Selenium">
<arg>salestarget</arg>
<arg>${sales_rep}[Sales Target]</arg>
<doc>Selects options from selection list ``locator`` by ``values``.</doc>
<msg timestamp="20230928 19:18:07.694" level="INFO">Selecting options from selection list 'salestarget' by value 45000.</msg>
<status status="PASS" starttime="20230928 19:18:07.694" endtime="20230928 19:18:07.777"/>
</kw>
<kw name="Click Button" library="RPA.Browser.Selenium">
<arg>Submit</arg>
<doc>Clicks the button identified by ``locator``.</doc>
<msg timestamp="20230928 19:18:07.794" level="INFO">Clicking button 'Submit'.</msg>
<status status="PASS" starttime="20230928 19:18:07.794" endtime="20230928 19:18:07.912"/>
</kw>
<status status="PASS" starttime="20230928 19:18:07.264" endtime="20230928 19:18:07.912"/>
</kw>
<status status="PASS" starttime="20230928 19:18:07.245" endtime="20230928 19:18:07.912"/>
</iter>
<iter>
<var name="${sales_rep}">{'First Name': 'Christy', 'Last Name': 'Iwaszkiewicz', 'Sales': 91465, 'Sales Target': 100000}</var>
<kw name="Fill and submit the form for one person">
<arg>${sales_rep}</arg>
<kw name="Input Text" library="RPA.Browser.Selenium">
<arg>firstname</arg>
<arg>${sales_rep}[First Name]</arg>
<doc>Types the given ``text`` into the text field identified by ``locator``.</doc>
<msg timestamp="20230928 19:18:07.941" level="INFO">Typing text 'Christy' into text field 'firstname'.</msg>
<status status="PASS" starttime="20230928 19:18:07.937" endtime="20230928 19:18:08.102"/>
</kw>
<kw name="Input Text" library="RPA.Browser.Selenium">
<arg>lastname</arg>
<arg>${sales_rep}[Last Name]</arg>
<doc>Types the given ``text`` into the text field identified by ``locator``.</doc>
<msg timestamp="20230928 19:18:08.102" level="INFO">Typing text 'Iwaszkiewicz' into text field 'lastname'.</msg>
<status status="PASS" starttime="20230928 19:18:08.102" endtime="20230928 19:18:08.234"/>
</kw>
<kw name="Input Text" library="RPA.Browser.Selenium">
<arg>salesresult</arg>
<arg>${sales_rep}[Sales]</arg>
<doc>Types the given ``text`` into the text field identified by ``locator``.</doc>
<msg timestamp="20230928 19:18:08.245" level="INFO">Typing text '91465' into text field 'salesresult'.</msg>
<status status="PASS" starttime="20230928 19:18:08.245" endtime="20230928 19:18:08.366"/>
</kw>
<kw name="Select From List By Value" library="RPA.Browser.Selenium">
<arg>salestarget</arg>
<arg>${sales_rep}[Sales Target]</arg>
<doc>Selects options from selection list ``locator`` by ``values``.</doc>
<msg timestamp="20230928 19:18:08.366" level="INFO">Selecting options from selection list 'salestarget' by value 100000.</msg>
<status status="PASS" starttime="20230928 19:18:08.366" endtime="20230928 19:18:08.462"/>
</kw>
<kw name="Click Button" library="RPA.Browser.Selenium">
<arg>Submit</arg>
<doc>Clicks the button identified by ``locator``.</doc>
<msg timestamp="20230928 19:18:08.462" level="INFO">Clicking button 'Submit'.</msg>
<status status="PASS" starttime="20230928 19:18:08.462" endtime="20230928 19:18:08.580"/>
</kw>
<status status="PASS" starttime="20230928 19:18:07.931" endtime="20230928 19:18:08.580"/>
</kw>
<status status="PASS" starttime="20230928 19:18:07.928" endtime="20230928 19:18:08.580"/>
</iter>
<iter>
<var name="${sales_rep}">{'First Name': 'Madelyn', 'Last Name': 'Sire', 'Sales': 66825, 'Sales Target': 60000}</var>
<kw name="Fill and submit the form for one person">
<arg>${sales_rep}</arg>
<kw name="Input Text" library="RPA.Browser.Selenium">
<arg>firstname</arg>
<arg>${sales_rep}[First Name]</arg>
<doc>Types the given ``text`` into the text field identified by ``locator``.</doc>
<msg timestamp="20230928 19:18:08.609" level="INFO">Typing text 'Madelyn' into text field 'firstname'.</msg>
<status status="PASS" starttime="20230928 19:18:08.602" endtime="20230928 19:18:08.771"/>
</kw>
<kw name="Input Text" library="RPA.Browser.Selenium">
<arg>lastname</arg>
<arg>${sales_rep}[Last Name]</arg>
<doc>Types the given ``text`` into the text field identified by ``locator``.</doc>
<msg timestamp="20230928 19:18:08.780" level="INFO">Typing text 'Sire' into text field 'lastname'.</msg>
<status status="PASS" starttime="20230928 19:18:08.773" endtime="20230928 19:18:08.964"/>
</kw>
<kw name="Input Text" library="RPA.Browser.Selenium">
<arg>salesresult</arg>
<arg>${sales_rep}[Sales]</arg>
<doc>Types the given ``text`` into the text field identified by ``locator``.</doc>
<msg timestamp="20230928 19:18:08.964" level="INFO">Typing text '66825' into text field 'salesresult'.</msg>
<status status="PASS" starttime="20230928 19:18:08.964" endtime="20230928 19:18:09.097"/>
</kw>
<kw name="Select From List By Value" library="RPA.Browser.Selenium">
<arg>salestarget</arg>
<arg>${sales_rep}[Sales Target]</arg>
<doc>Selects options from selection list ``locator`` by ``values``.</doc>
<msg timestamp="20230928 19:18:09.103" level="INFO">Selecting options from selection list 'salestarget' by value 60000.</msg>
<status status="PASS" starttime="20230928 19:18:09.097" endtime="20230928 19:18:09.196"/>
</kw>
<kw name="Click Button" library="RPA.Browser.Selenium">
<arg>Submit</arg>
<doc>Clicks the button identified by ``locator``.</doc>
<msg timestamp="20230928 19:18:09.196" level="INFO">Clicking button 'Submit'.</msg>
<status status="PASS" starttime="20230928 19:18:09.196" endtime="20230928 19:18:09.315"/>
</kw>
<status status="PASS" starttime="20230928 19:18:08.596" endtime="20230928 19:18:09.315"/>
</kw>
<status status="PASS" starttime="20230928 19:18:08.580" endtime="20230928 19:18:09.315"/>
</iter>
<iter>
<var name="${sales_rep}">{'First Name': 'Thurstan', 'Last Name': 'Karus', 'Sales': 131244, 'Sales Target': 50000}</var>
<kw name="Fill and submit the form for one person">
<arg>${sales_rep}</arg>
<kw name="Input Text" library="RPA.Browser.Selenium">
<arg>firstname</arg>
<arg>${sales_rep}[First Name]</arg>
<doc>Types the given ``text`` into the text field identified by ``locator``.</doc>
<msg timestamp="20230928 19:18:09.341" level="INFO">Typing text 'Thurstan' into text field 'firstname'.</msg>
<status status="PASS" starttime="20230928 19:18:09.336" endtime="20230928 19:18:09.504"/>
</kw>
<kw name="Input Text" library="RPA.Browser.Selenium">
<arg>lastname</arg>
<arg>${sales_rep}[Last Name]</arg>
<doc>Types the given ``text`` into the text field identified by ``locator``.</doc>
<msg timestamp="20230928 19:18:09.504" level="INFO">Typing text 'Karus' into text field 'lastname'.</msg>
<status status="PASS" starttime="20230928 19:18:09.504" endtime="20230928 19:18:09.633"/>
</kw>
<kw name="Input Text" library="RPA.Browser.Selenium">
<arg>salesresult</arg>
<arg>${sales_rep}[Sales]</arg>
<doc>Types the given ``text`` into the text field identified by ``locator``.</doc>
<msg timestamp="20230928 19:18:09.633" level="INFO">Typing text '131244' into text field 'salesresult'.</msg>
<status status="PASS" starttime="20230928 19:18:09.633" endtime="20230928 19:18:09.763"/>
</kw>
<kw name="Select From List By Value" library="RPA.Browser.Selenium">
<arg>salestarget</arg>
<arg>${sales_rep}[Sales Target]</arg>
<doc>Selects options from selection list ``locator`` by ``values``.</doc>
<msg timestamp="20230928 19:18:09.764" level="INFO">Selecting options from selection list 'salestarget' by value 50000.</msg>
<status status="PASS" starttime="20230928 19:18:09.764" endtime="20230928 19:18:09.865"/>
</kw>
<kw name="Click Button" library="RPA.Browser.Selenium">
<arg>Submit</arg>
<doc>Clicks the button identified by ``locator``.</doc>
<msg timestamp="20230928 19:18:09.865" level="INFO">Clicking button 'Submit'.</msg>
<status status="PASS" starttime="20230928 19:18:09.865" endtime="20230928 19:18:09.981"/>
</kw>
<status status="PASS" starttime="20230928 19:18:09.331" endtime="20230928 19:18:09.983"/>
</kw>
<status status="PASS" starttime="20230928 19:18:09.315" endtime="20230928 19:18:09.984"/>
</iter>
<iter>
<var name="${sales_rep}">{'First Name': 'Bibi', 'Last Name': 'Rosita', 'Sales': 94131, 'Sales Target': 30000}</var>
<kw name="Fill and submit the form for one person">
<arg>${sales_rep}</arg>
<kw name="Input Text" library="RPA.Browser.Selenium">
<arg>firstname</arg>
<arg>${sales_rep}[First Name]</arg>
<doc>Types the given ``text`` into the text field identified by ``locator``.</doc>
<msg timestamp="20230928 19:18:10.006" level="INFO">Typing text 'Bibi' into text field 'firstname'.</msg>
<status status="PASS" starttime="20230928 19:18:09.998" endtime="20230928 19:18:10.152"/>
</kw>
<kw name="Input Text" library="RPA.Browser.Selenium">
<arg>lastname</arg>
<arg>${sales_rep}[Last Name]</arg>
<doc>Types the given ``text`` into the text field identified by ``locator``.</doc>
<msg timestamp="20230928 19:18:10.168" level="INFO">Typing text 'Rosita' into text field 'lastname'.</msg>
<status status="PASS" starttime="20230928 19:18:10.152" endtime="20230928 19:18:10.284"/>
</kw>
<kw name="Input Text" library="RPA.Browser.Selenium">
<arg>salesresult</arg>
<arg>${sales_rep}[Sales]</arg>
<doc>Types the given ``text`` into the text field identified by ``locator``.</doc>
<msg timestamp="20230928 19:18:10.284" level="INFO">Typing text '94131' into text field 'salesresult'.</msg>
<status status="PASS" starttime="20230928 19:18:10.284" endtime="20230928 19:18:10.405"/>
</kw>
<kw name="Select From List By Value" library="RPA.Browser.Selenium">
<arg>salestarget</arg>
<arg>${sales_rep}[Sales Target]</arg>
<doc>Selects options from selection list ``locator`` by ``values``.</doc>
<msg timestamp="20230928 19:18:10.405" level="INFO">Selecting options from selection list 'salestarget' by value 30000.</msg>
<status status="PASS" starttime="20230928 19:18:10.405" endtime="20230928 19:18:10.522"/>
</kw>
<kw name="Click Button" library="RPA.Browser.Selenium">
<arg>Submit</arg>
<doc>Clicks the button identified by ``locator``.</doc>
<msg timestamp="20230928 19:18:10.531" level="INFO">Clicking button 'Submit'.</msg>
<status status="PASS" starttime="20230928 19:18:10.522" endtime="20230928 19:18:10.632"/>
</kw>
<status status="PASS" starttime="20230928 19:18:09.988" endtime="20230928 19:18:10.632"/>
</kw>
<status status="PASS" starttime="20230928 19:18:09.988" endtime="20230928 19:18:10.632"/>
</iter>
<iter>
<var name="${sales_rep}">{'First Name': 'Abbe', 'Last Name': 'Aldcorn', 'Sales': 97489, 'Sales Target': 60000}</var>
<kw name="Fill and submit the form for one person">
<arg>${sales_rep}</arg>
<kw name="Input Text" library="RPA.Browser.Selenium">
<arg>firstname</arg>
<arg>${sales_rep}[First Name]</arg>
<doc>Types the given ``text`` into the text field identified by ``locator``.</doc>
<msg timestamp="20230928 19:18:10.665" level="INFO">Typing text 'Abbe' into text field 'firstname'.</msg>
<status status="PASS" starttime="20230928 19:18:10.658" endtime="20230928 19:18:10.815"/>
</kw>
<kw name="Input Text" library="RPA.Browser.Selenium">
<arg>lastname</arg>
<arg>${sales_rep}[Last Name]</arg>
<doc>Types the given ``text`` into the text field identified by ``locator``.</doc>
<msg timestamp="20230928 19:18:10.815" level="INFO">Typing text 'Aldcorn' into text field 'lastname'.</msg>
<status status="PASS" starttime="20230928 19:18:10.815" endtime="20230928 19:18:10.947"/>
</kw>
<kw name="Input Text" library="RPA.Browser.Selenium">
<arg>salesresult</arg>
<arg>${sales_rep}[Sales]</arg>
<doc>Types the given ``text`` into the text field identified by ``locator``.</doc>
<msg timestamp="20230928 19:18:10.948" level="INFO">Typing text '97489' into text field 'salesresult'.</msg>
<status status="PASS" starttime="20230928 19:18:10.948" endtime="20230928 19:18:11.064"/>
</kw>
<kw name="Select From List By Value" library="RPA.Browser.Selenium">
<arg>salestarget</arg>
<arg>${sales_rep}[Sales Target]</arg>
<doc>Selects options from selection list ``locator`` by ``values``.</doc>
<msg timestamp="20230928 19:18:11.081" level="INFO">Selecting options from selection list 'salestarget' by value 60000.</msg>
<status status="PASS" starttime="20230928 19:18:11.064" endtime="20230928 19:18:11.163"/>
</kw>
<kw name="Click Button" library="RPA.Browser.Selenium">
<arg>Submit</arg>
<doc>Clicks the button identified by ``locator``.</doc>
<msg timestamp="20230928 19:18:11.163" level="INFO">Clicking button 'Submit'.</msg>
<status status="PASS" starttime="20230928 19:18:11.163" endtime="20230928 19:18:11.340"/>
</kw>
<status status="PASS" starttime="20230928 19:18:10.653" endtime="20230928 19:18:11.340"/>
</kw>
<status status="PASS" starttime="20230928 19:18:10.649" endtime="20230928 19:18:11.347"/>
</iter>
<iter>
<var name="${sales_rep}">{'First Name': 'Ariadne', 'Last Name': 'Kiessel', 'Sales': 86637, 'Sales Target': 70000}</var>
<kw name="Fill and submit the form for one person">
<arg>${sales_rep}</arg>
<kw name="Input Text" library="RPA.Browser.Selenium">
<arg>firstname</arg>
<arg>${sales_rep}[First Name]</arg>
<doc>Types the given ``text`` into the text field identified by ``locator``.</doc>
<msg timestamp="20230928 19:18:11.365" level="INFO">Typing text 'Ariadne' into text field 'firstname'.</msg>
<status status="PASS" starttime="20230928 19:18:11.357" endtime="20230928 19:18:11.564"/>
</kw>
<kw name="Input Text" library="RPA.Browser.Selenium">
<arg>lastname</arg>
<arg>${sales_rep}[Last Name]</arg>
<doc>Types the given ``text`` into the text field identified by ``locator``.</doc>
<msg timestamp="20230928 19:18:11.565" level="INFO">Typing text 'Kiessel' into text field 'lastname'.</msg>
<status status="PASS" starttime="20230928 19:18:11.565" endtime="20230928 19:18:11.700"/>
</kw>
<kw name="Input Text" library="RPA.Browser.Selenium">
<arg>salesresult</arg>
<arg>${sales_rep}[Sales]</arg>
<doc>Types the given ``text`` into the text field identified by ``locator``.</doc>
<msg timestamp="20230928 19:18:11.706" level="INFO">Typing text '86637' into text field 'salesresult'.</msg>
<status status="PASS" starttime="20230928 19:18:11.700" endtime="20230928 19:18:11.818"/>
</kw>
<kw name="Select From List By Value" library="RPA.Browser.Selenium">
<arg>salestarget</arg>
<arg>${sales_rep}[Sales Target]</arg>
<doc>Selects options from selection list ``locator`` by ``values``.</doc>
<msg timestamp="20230928 19:18:11.818" level="INFO">Selecting options from selection list 'salestarget' by value 70000.</msg>
<status status="PASS" starttime="20230928 19:18:11.818" endtime="20230928 19:18:11.906"/>
</kw>
<kw name="Click Button" library="RPA.Browser.Selenium">
<arg>Submit</arg>
<doc>Clicks the button identified by ``locator``.</doc>
<msg timestamp="20230928 19:18:11.916" level="INFO">Clicking button 'Submit'.</msg>
<status status="PASS" starttime="20230928 19:18:11.906" endtime="20230928 19:18:12.082"/>
</kw>
<status status="PASS" starttime="20230928 19:18:11.353" endtime="20230928 19:18:12.085"/>
</kw>
<status status="PASS" starttime="20230928 19:18:11.351" endtime="20230928 19:18:12.088"/>
</iter>
<iter>
<var name="${sales_rep}">{'First Name': 'Tiffany', 'Last Name': 'Emerine', 'Sales': 124313, 'Sales Target': 50000}</var>
<kw name="Fill and submit the form for one person">
<arg>${sales_rep}</arg>
<kw name="Input Text" library="RPA.Browser.Selenium">
<arg>firstname</arg>
<arg>${sales_rep}[First Name]</arg>
<doc>Types the given ``text`` into the text field identified by ``locator``.</doc>
<msg timestamp="20230928 19:18:12.104" level="INFO">Typing text 'Tiffany' into text field 'firstname'.</msg>
<status status="PASS" starttime="20230928 19:18:12.097" endtime="20230928 19:18:12.228"/>
</kw>
<kw name="Input Text" library="RPA.Browser.Selenium">
<arg>lastname</arg>
<arg>${sales_rep}[Last Name]</arg>
<doc>Types the given ``text`` into the text field identified by ``locator``.</doc>
<msg timestamp="20230928 19:18:12.232" level="INFO">Typing text 'Emerine' into text field 'lastname'.</msg>
<status status="PASS" starttime="20230928 19:18:12.229" endtime="20230928 19:18:12.348"/>
</kw>
<kw name="Input Text" library="RPA.Browser.Selenium">
<arg>salesresult</arg>
<arg>${sales_rep}[Sales]</arg>
<doc>Types the given ``text`` into the text field identified by ``locator``.</doc>
<msg timestamp="20230928 19:18:12.348" level="INFO">Typing text '124313' into text field 'salesresult'.</msg>
<status status="PASS" starttime="20230928 19:18:12.348" endtime="20230928 19:18:12.482"/>
</kw>
<kw name="Select From List By Value" library="RPA.Browser.Selenium">
<arg>salestarget</arg>
<arg>${sales_rep}[Sales Target]</arg>
<doc>Selects options from selection list ``locator`` by ``values``.</doc>
<msg timestamp="20230928 19:18:12.482" level="INFO">Selecting options from selection list 'salestarget' by value 50000.</msg>
<status status="PASS" starttime="20230928 19:18:12.482" endtime="20230928 19:18:12.565"/>
</kw>
<kw name="Click Button" library="RPA.Browser.Selenium">
<arg>Submit</arg>
<doc>Clicks the button identified by ``locator``.</doc>
<msg timestamp="20230928 19:18:12.582" level="INFO">Clicking button 'Submit'.</msg>
<status status="PASS" starttime="20230928 19:18:12.565" endtime="20230928 19:18:12.699"/>
</kw>
<status status="PASS" starttime="20230928 19:18:12.093" endtime="20230928 19:18:12.701"/>
</kw>
<status status="PASS" starttime="20230928 19:18:12.090" endtime="20230928 19:18:12.703"/>
</iter>
<iter>
<var name="${sales_rep}">{'First Name': 'Jelene', 'Last Name': 'Pridden', 'Sales': 91489, 'Sales Target': 35000}</var>
<kw name="Fill and submit the form for one person">
<arg>${sales_rep}</arg>
<kw name="Input Text" library="RPA.Browser.Selenium">
<arg>firstname</arg>
<arg>${sales_rep}[First Name]</arg>
<doc>Types the given ``text`` into the text field identified by ``locator``.</doc>
<msg timestamp="20230928 19:18:12.723" level="INFO">Typing text 'Jelene' into text field 'firstname'.</msg>
<status status="PASS" starttime="20230928 19:18:12.717" endtime="20230928 19:18:12.888"/>
</kw>
<kw name="Input Text" library="RPA.Browser.Selenium">
<arg>lastname</arg>
<arg>${sales_rep}[Last Name]</arg>
<doc>Types the given ``text`` into the text field identified by ``locator``.</doc>
<msg timestamp="20230928 19:18:12.896" level="INFO">Typing text 'Pridden' into text field 'lastname'.</msg>
<status status="PASS" starttime="20230928 19:18:12.890" endtime="20230928 19:18:13.021"/>
</kw>
<kw name="Input Text" library="RPA.Browser.Selenium">
<arg>salesresult</arg>
<arg>${sales_rep}[Sales]</arg>
<doc>Types the given ``text`` into the text field identified by ``locator``.</doc>
<msg timestamp="20230928 19:18:13.033" level="INFO">Typing text '91489' into text field 'salesresult'.</msg>
<status status="PASS" starttime="20230928 19:18:13.021" endtime="20230928 19:18:13.150"/>
</kw>
<kw name="Select From List By Value" library="RPA.Browser.Selenium">
<arg>salestarget</arg>
<arg>${sales_rep}[Sales Target]</arg>
<doc>Selects options from selection list ``locator`` by ``values``.</doc>
<msg timestamp="20230928 19:18:13.151" level="INFO">Selecting options from selection list 'salestarget' by value 35000.</msg>
<status status="PASS" starttime="20230928 19:18:13.151" endtime="20230928 19:18:13.234"/>
</kw>
<kw name="Click Button" library="RPA.Browser.Selenium">
<arg>Submit</arg>
<doc>Clicks the button identified by ``locator``.</doc>
<msg timestamp="20230928 19:18:13.234" level="INFO">Clicking button 'Submit'.</msg>
<status status="PASS" starttime="20230928 19:18:13.234" endtime="20230928 19:18:13.351"/>
</kw>
<status status="PASS" starttime="20230928 19:18:12.709" endtime="20230928 19:18:13.351"/>
</kw>
<status status="PASS" starttime="20230928 19:18:12.705" endtime="20230928 19:18:13.351"/>
</iter>
<iter>
<var name="${sales_rep}">{'First Name': 'Claus', 'Last Name': 'Bawcock', 'Sales': 140602, 'Sales Target': 25000}</var>
<kw name="Fill and submit the form for one person">
<arg>${sales_rep}</arg>
[...]
<status status="PASS" starttime="20230928 19:18:22.279" endtime="20230928 19:18:22.398"/>
</kw>
<status status="PASS" starttime="20230928 19:18:21.794" endtime="20230928 19:18:22.400"/>
</kw>
<status status="PASS" starttime="20230928 19:18:21.793" endtime="20230928 19:18:22.402"/>
</iter>
<iter>
<var name="${sales_rep}">{'First Name': 'Jenine', 'Last Name': 'Kidby', 'Sales': 133576, 'Sales Target': 60000}</var>
<kw name="Fill and submit the form for one person">
<arg>${sales_rep}</arg>
<kw name="Input Text" library="RPA.Browser.Selenium">
<arg>firstname</arg>
<arg>${sales_rep}[First Name]</arg>
<doc>Types the given ``text`` into the text field identified by ``locator``.</doc>
<msg timestamp="20230928 19:18:22.424" level="INFO">Typing text 'Jenine' into text field 'firstname'.</msg>
<status status="PASS" starttime="20230928 19:18:22.416" endtime="20230928 19:18:22.599"/>
</kw>
<kw name="Input Text" library="RPA.Browser.Selenium">
<arg>lastname</arg>
<arg>${sales_rep}[Last Name]</arg>
<doc>Types the given ``text`` into the text field identified by ``locator``.</doc>
<msg timestamp="20230928 19:18:22.600" level="INFO">Typing text 'Kidby' into text field 'lastname'.</msg>
<status status="PASS" starttime="20230928 19:18:22.600" endtime="20230928 19:18:22.733"/>
</kw>
<kw name="Input Text" library="RPA.Browser.Selenium">
<arg>salesresult</arg>
<arg>${sales_rep}[Sales]</arg>
<doc>Types the given ``text`` into the text field identified by ``locator``.</doc>
<msg timestamp="20230928 19:18:22.733" level="INFO">Typing text '133576' into text field 'salesresult'.</msg>
<status status="PASS" starttime="20230928 19:18:22.733" endtime="20230928 19:18:22.866"/>
</kw>
<kw name="Select From List By Value" library="RPA.Browser.Selenium">
<arg>salestarget</arg>
<arg>${sales_rep}[Sales Target]</arg>
<doc>Selects options from selection list ``locator`` by ``values``.</doc>
<msg timestamp="20230928 19:18:22.866" level="INFO">Selecting options from selection list 'salestarget' by value 60000.</msg>
<status status="PASS" starttime="20230928 19:18:22.866" endtime="20230928 19:18:22.961"/>
</kw>
<kw name="Click Button" library="RPA.Browser.Selenium">
<arg>Submit</arg>
<doc>Clicks the button identified by ``locator``.</doc>
<msg timestamp="20230928 19:18:22.961" level="INFO">Clicking button 'Submit'.</msg>
<status status="PASS" starttime="20230928 19:18:22.961" endtime="20230928 19:18:23.078"/>
</kw>
<status status="PASS" starttime="20230928 19:18:22.410" endtime="20230928 19:18:23.086"/>
</kw>
<status status="PASS" starttime="20230928 19:18:22.405" endtime="20230928 19:18:23.086"/>
</iter>
<iter>
<var name="${sales_rep}">{'First Name': 'Hortensia', 'Last Name': 'Leal', 'Sales': 29530, 'Sales Target': 70000}</var>
<kw name="Fill and submit the form for one person">
<arg>${sales_rep}</arg>
<kw name="Input Text" library="RPA.Browser.Selenium">
<arg>firstname</arg>
<arg>${sales_rep}[First Name]</arg>
<doc>Types the given ``text`` into the text field identified by ``locator``.</doc>
<msg timestamp="20230928 19:18:23.106" level="INFO">Typing text 'Hortensia' into text field 'firstname'.</msg>
<status status="PASS" starttime="20230928 19:18:23.100" endtime="20230928 19:18:23.286"/>
</kw>
<kw name="Input Text" library="RPA.Browser.Selenium">
<arg>lastname</arg>
<arg>${sales_rep}[Last Name]</arg>
<doc>Types the given ``text`` into the text field identified by ``locator``.</doc>
<msg timestamp="20230928 19:18:23.294" level="INFO">Typing text 'Leal' into text field 'lastname'.</msg>
<status status="PASS" starttime="20230928 19:18:23.286" endtime="20230928 19:18:23.412"/>
</kw>
<kw name="Input Text" library="RPA.Browser.Selenium">
<arg>salesresult</arg>
<arg>${sales_rep}[Sales]</arg>
<doc>Types the given ``text`` into the text field identified by ``locator``.</doc>
<msg timestamp="20230928 19:18:23.412" level="INFO">Typing text '29530' into text field 'salesresult'.</msg>
<status status="PASS" starttime="20230928 19:18:23.412" endtime="20230928 19:18:23.528"/>
</kw>
<kw name="Select From List By Value" library="RPA.Browser.Selenium">
<arg>salestarget</arg>
<arg>${sales_rep}[Sales Target]</arg>
<doc>Selects options from selection list ``locator`` by ``values``.</doc>
<msg timestamp="20230928 19:18:23.545" level="INFO">Selecting options from selection list 'salestarget' by value 70000.</msg>
<status status="PASS" starttime="20230928 19:18:23.528" endtime="20230928 19:18:23.628"/>
</kw>
<kw name="Click Button" library="RPA.Browser.Selenium">
<arg>Submit</arg>
<doc>Clicks the button identified by ``locator``.</doc>
<msg timestamp="20230928 19:18:23.628" level="INFO">Clicking button 'Submit'.</msg>
<status status="PASS" starttime="20230928 19:18:23.628" endtime="20230928 19:18:23.745"/>
</kw>
<status status="PASS" starttime="20230928 19:18:23.095" endtime="20230928 19:18:23.759"/>
</kw>
<status status="PASS" starttime="20230928 19:18:23.093" endtime="20230928 19:18:23.761"/>
</iter>
<iter>
<var name="${sales_rep}">{'First Name': 'Regina', 'Last Name': 'Gurling', 'Sales': 86186, 'Sales Target': 15000}</var>
<kw name="Fill and submit the form for one person">
<arg>${sales_rep}</arg>
<kw name="Input Text" library="RPA.Browser.Selenium">
<arg>firstname</arg>
<arg>${sales_rep}[First Name]</arg>
<doc>Types the given ``text`` into the text field identified by ``locator``.</doc>
<msg timestamp="20230928 19:18:23.779" level="INFO">Typing text 'Regina' into text field 'firstname'.</msg>
<status status="PASS" starttime="20230928 19:18:23.771" endtime="20230928 19:18:23.998"/>
</kw>
<kw name="Input Text" library="RPA.Browser.Selenium">
<arg>lastname</arg>
<arg>${sales_rep}[Last Name]</arg>
<doc>Types the given ``text`` into the text field identified by ``locator``.</doc>
<msg timestamp="20230928 19:18:24.011" level="INFO">Typing text 'Gurling' into text field 'lastname'.</msg>
<status status="PASS" starttime="20230928 19:18:23.998" endtime="20230928 19:18:24.177"/>
</kw>
<kw name="Input Text" library="RPA.Browser.Selenium">
<arg>salesresult</arg>
<arg>${sales_rep}[Sales]</arg>
<doc>Types the given ``text`` into the text field identified by ``locator``.</doc>
<msg timestamp="20230928 19:18:24.179" level="INFO">Typing text '86186' into text field 'salesresult'.</msg>
<status status="PASS" starttime="20230928 19:18:24.179" endtime="20230928 19:18:24.314"/>
</kw>
<kw name="Select From List By Value" library="RPA.Browser.Selenium">
<arg>salestarget</arg>
<arg>${sales_rep}[Sales Target]</arg>
<doc>Selects options from selection list ``locator`` by ``values``.</doc>
<msg timestamp="20230928 19:18:24.318" level="INFO">Selecting options from selection list 'salestarget' by value 15000.</msg>
<status status="PASS" starttime="20230928 19:18:24.314" endtime="20230928 19:18:24.412"/>
</kw>
<kw name="Click Button" library="RPA.Browser.Selenium">
<arg>Submit</arg>
<doc>Clicks the button identified by ``locator``.</doc>
<msg timestamp="20230928 19:18:24.412" level="INFO">Clicking button 'Submit'.</msg>
<status status="PASS" starttime="20230928 19:18:24.412" endtime="20230928 19:18:24.519"/>
</kw>
<status status="PASS" starttime="20230928 19:18:23.767" endtime="20230928 19:18:24.529"/>
</kw>
<status status="PASS" starttime="20230928 19:18:23.765" endtime="20230928 19:18:24.531"/>
</iter>
<iter>
<var name="${sales_rep}">{'First Name': 'Valenka', 'Last Name': 'Tantrum', 'Sales': 137708, 'Sales Target': 65000}</var>
<kw name="Fill and submit the form for one person">
<arg>${sales_rep}</arg>
<kw name="Input Text" library="RPA.Browser.Selenium">
<arg>firstname</arg>
<arg>${sales_rep}[First Name]</arg>
<doc>Types the given ``text`` into the text field identified by ``locator``.</doc>
<msg timestamp="20230928 19:18:24.548" level="INFO">Typing text 'Valenka' into text field 'firstname'.</msg>
<status status="PASS" starttime="20230928 19:18:24.544" endtime="20230928 19:18:24.729"/>
</kw>
<kw name="Input Text" library="RPA.Browser.Selenium">
<arg>lastname</arg>
<arg>${sales_rep}[Last Name]</arg>
<doc>Types the given ``text`` into the text field identified by ``locator``.</doc>
<msg timestamp="20230928 19:18:24.729" level="INFO">Typing text 'Tantrum' into text field 'lastname'.</msg>
<status status="PASS" starttime="20230928 19:18:24.729" endtime="20230928 19:18:24.904"/>
</kw>
<kw name="Input Text" library="RPA.Browser.Selenium">
<arg>salesresult</arg>
<arg>${sales_rep}[Sales]</arg>
<doc>Types the given ``text`` into the text field identified by ``locator``.</doc>
<msg timestamp="20230928 19:18:24.913" level="INFO">Typing text '137708' into text field 'salesresult'.</msg>
<status status="PASS" starttime="20230928 19:18:24.906" endtime="20230928 19:18:25.086"/>
</kw>
<kw name="Select From List By Value" library="RPA.Browser.Selenium">
<arg>salestarget</arg>
<arg>${sales_rep}[Sales Target]</arg>
<doc>Selects options from selection list ``locator`` by ``values``.</doc>
<msg timestamp="20230928 19:18:25.098" level="INFO">Selecting options from selection list 'salestarget' by value 65000.</msg>
<status status="PASS" starttime="20230928 19:18:25.089" endtime="20230928 19:18:25.222"/>
</kw>
<kw name="Click Button" library="RPA.Browser.Selenium">
<arg>Submit</arg>
<doc>Clicks the button identified by ``locator``.</doc>
<msg timestamp="20230928 19:18:25.230" level="INFO">Clicking button 'Submit'.</msg>
<status status="PASS" starttime="20230928 19:18:25.222" endtime="20230928 19:18:25.348"/>
</kw>
<status status="PASS" starttime="20230928 19:18:24.537" endtime="20230928 19:18:25.348"/>
</kw>
<status status="PASS" starttime="20230928 19:18:24.535" endtime="20230928 19:18:25.348"/>
</iter>
<iter>
<var name="${sales_rep}">{'First Name': 'Dorie', 'Last Name': 'Batistelli', 'Sales': 42450, 'Sales Target': 95000}</var>
<kw name="Fill and submit the form for one person">
<arg>${sales_rep}</arg>
<kw name="Input Text" library="RPA.Browser.Selenium">
<arg>firstname</arg>
<arg>${sales_rep}[First Name]</arg>
<doc>Types the given ``text`` into the text field identified by ``locator``.</doc>
<msg timestamp="20230928 19:18:25.384" level="INFO">Typing text 'Dorie' into text field 'firstname'.</msg>
<status status="PASS" starttime="20230928 19:18:25.375" endtime="20230928 19:18:25.566"/>
</kw>
<kw name="Input Text" library="RPA.Browser.Selenium">
<arg>lastname</arg>
<arg>${sales_rep}[Last Name]</arg>
<doc>Types the given ``text`` into the text field identified by ``locator``.</doc>
<msg timestamp="20230928 19:18:25.578" level="INFO">Typing text 'Batistelli' into text field 'lastname'.</msg>
<status status="PASS" starttime="20230928 19:18:25.566" endtime="20230928 19:18:25.748"/>
</kw>
<kw name="Input Text" library="RPA.Browser.Selenium">
<arg>salesresult</arg>
<arg>${sales_rep}[Sales]</arg>
<doc>Types the given ``text`` into the text field identified by ``locator``.</doc>
<msg timestamp="20230928 19:18:25.748" level="INFO">Typing text '42450' into text field 'salesresult'.</msg>
<status status="PASS" starttime="20230928 19:18:25.748" endtime="20230928 19:18:25.897"/>
</kw>
<kw name="Select From List By Value" library="RPA.Browser.Selenium">
<arg>salestarget</arg>
<arg>${sales_rep}[Sales Target]</arg>
<doc>Selects options from selection list ``locator`` by ``values``.</doc>
<msg timestamp="20230928 19:18:25.897" level="INFO">Selecting options from selection list 'salestarget' by value 95000.</msg>
<status status="PASS" starttime="20230928 19:18:25.897" endtime="20230928 19:18:26.028"/>
</kw>
<kw name="Click Button" library="RPA.Browser.Selenium">
<arg>Submit</arg>
<doc>Clicks the button identified by ``locator``.</doc>
<msg timestamp="20230928 19:18:26.046" level="INFO">Clicking button 'Submit'.</msg>
<status status="PASS" starttime="20230928 19:18:26.028" endtime="20230928 19:18:26.164"/>
</kw>
<status status="PASS" starttime="20230928 19:18:25.370" endtime="20230928 19:18:26.164"/>
</kw>
<status status="PASS" starttime="20230928 19:18:25.364" endtime="20230928 19:18:26.164"/>
</iter>
<iter>
<var name="${sales_rep}">{'First Name': 'Abra', 'Last Name': 'Heap', 'Sales': 5937, 'Sales Target': 100000}</var>
<kw name="Fill and submit the form for one person">
<arg>${sales_rep}</arg>
<kw name="Input Text" library="RPA.Browser.Selenium">
<arg>firstname</arg>
<arg>${sales_rep}[First Name]</arg>
<doc>Types the given ``text`` into the text field identified by ``locator``.</doc>
<msg timestamp="20230928 19:18:26.194" level="INFO">Typing text 'Abra' into text field 'firstname'.</msg>
<status status="PASS" starttime="20230928 19:18:26.190" endtime="20230928 19:18:26.370"/>
</kw>
<kw name="Input Text" library="RPA.Browser.Selenium">
<arg>lastname</arg>
<arg>${sales_rep}[Last Name]</arg>
<doc>Types the given ``text`` into the text field identified by ``locator``.</doc>
<msg timestamp="20230928 19:18:26.381" level="INFO">Typing text 'Heap' into text field 'lastname'.</msg>
<status status="PASS" starttime="20230928 19:18:26.370" endtime="20230928 19:18:26.502"/>
</kw>
<kw name="Input Text" library="RPA.Browser.Selenium">
<arg>salesresult</arg>
<arg>${sales_rep}[Sales]</arg>
<doc>Types the given ``text`` into the text field identified by ``locator``.</doc>
<msg timestamp="20230928 19:18:26.517" level="INFO">Typing text '5937' into text field 'salesresult'.</msg>
<status status="PASS" starttime="20230928 19:18:26.502" endtime="20230928 19:18:26.641"/>
</kw>
<kw name="Select From List By Value" library="RPA.Browser.Selenium">
<arg>salestarget</arg>
<arg>${sales_rep}[Sales Target]</arg>
<doc>Selects options from selection list ``locator`` by ``values``.</doc>
<msg timestamp="20230928 19:18:26.649" level="INFO">Selecting options from selection list 'salestarget' by value 100000.</msg>
<status status="PASS" starttime="20230928 19:18:26.643" endtime="20230928 19:18:26.753"/>
</kw>
<kw name="Click Button" library="RPA.Browser.Selenium">
<arg>Submit</arg>
<doc>Clicks the button identified by ``locator``.</doc>
<msg timestamp="20230928 19:18:26.753" level="INFO">Clicking button 'Submit'.</msg>
<status status="PASS" starttime="20230928 19:18:26.753" endtime="20230928 19:18:26.881"/>
</kw>
<status status="PASS" starttime="20230928 19:18:26.184" endtime="20230928 19:18:26.881"/>
</kw>
<status status="PASS" starttime="20230928 19:18:26.181" endtime="20230928 19:18:26.881"/>
</iter>
<iter>
<var name="${sales_rep}">{'First Name': 'Petronille', 'Last Name': 'Lesor', 'Sales': 54805, 'Sales Target': 85000}</var>
<kw name="Fill and submit the form for one person">
<arg>${sales_rep}</arg>
<kw name="Input Text" library="RPA.Browser.Selenium">
<arg>firstname</arg>
<arg>${sales_rep}[First Name]</arg>
<doc>Types the given ``text`` into the text field identified by ``locator``.</doc>
<msg timestamp="20230928 19:18:26.910" level="INFO">Typing text 'Petronille' into text field 'firstname'.</msg>
<status status="PASS" starttime="20230928 19:18:26.904" endtime="20230928 19:18:27.129"/>
</kw>
<kw name="Input Text" library="RPA.Browser.Selenium">
<arg>lastname</arg>
<arg>${sales_rep}[Last Name]</arg>
<doc>Types the given ``text`` into the text field identified by ``locator``.</doc>
<msg timestamp="20230928 19:18:27.147" level="INFO">Typing text 'Lesor' into text field 'lastname'.</msg>
<status status="PASS" starttime="20230928 19:18:27.145" endtime="20230928 19:18:27.264"/>
</kw>
<kw name="Input Text" library="RPA.Browser.Selenium">
<arg>salesresult</arg>
<arg>${sales_rep}[Sales]</arg>
<doc>Types the given ``text`` into the text field identified by ``locator``.</doc>
<msg timestamp="20230928 19:18:27.281" level="INFO">Typing text '54805' into text field 'salesresult'.</msg>
<status status="PASS" starttime="20230928 19:18:27.281" endtime="20230928 19:18:27.397"/>
</kw>
<kw name="Select From List By Value" library="RPA.Browser.Selenium">
<arg>salestarget</arg>
<arg>${sales_rep}[Sales Target]</arg>
<doc>Selects options from selection list ``locator`` by ``values``.</doc>
<msg timestamp="20230928 19:18:27.413" level="INFO">Selecting options from selection list 'salestarget' by value 85000.</msg>
<status status="PASS" starttime="20230928 19:18:27.397" endtime="20230928 19:18:27.497"/>
</kw>
<kw name="Click Button" library="RPA.Browser.Selenium">
<arg>Submit</arg>
<doc>Clicks the button identified by ``locator``.</doc>
<msg timestamp="20230928 19:18:27.513" level="INFO">Clicking button 'Submit'.</msg>
<status status="PASS" starttime="20230928 19:18:27.497" endtime="20230928 19:18:27.631"/>
</kw>
<status status="PASS" starttime="20230928 19:18:26.899" endtime="20230928 19:18:27.631"/>
</kw>
<status status="PASS" starttime="20230928 19:18:26.881" endtime="20230928 19:18:27.631"/>
</iter>
<iter>
<var name="${sales_rep}">{'First Name': 'Vincenty', 'Last Name': 'Stannering', 'Sales': 109884, 'Sales Target': 30000}</var>
<kw name="Fill and submit the form for one person">
<arg>${sales_rep}</arg>
<kw name="Input Text" library="RPA.Browser.Selenium">
<arg>firstname</arg>
<arg>${sales_rep}[First Name]</arg>
<doc>Types the given ``text`` into the text field identified by ``locator``.</doc>
<msg timestamp="20230928 19:18:27.665" level="INFO">Typing text 'Vincenty' into text field 'firstname'.</msg>
<status status="PASS" starttime="20230928 19:18:27.657" endtime="20230928 19:18:27.833"/>
</kw>
<kw name="Input Text" library="RPA.Browser.Selenium">
<arg>lastname</arg>
<arg>${sales_rep}[Last Name]</arg>
<doc>Types the given ``text`` into the text field identified by ``locator``.</doc>
<msg timestamp="20230928 19:18:27.833" level="INFO">Typing text 'Stannering' into text field 'lastname'.</msg>
<status status="PASS" starttime="20230928 19:18:27.833" endtime="20230928 19:18:27.974"/>
</kw>
<kw name="Input Text" library="RPA.Browser.Selenium">
<arg>salesresult</arg>
<arg>${sales_rep}[Sales]</arg>
<doc>Types the given ``text`` into the text field identified by ``locator``.</doc>
<msg timestamp="20230928 19:18:27.982" level="INFO">Typing text '109884' into text field 'salesresult'.</msg>
<status status="PASS" starttime="20230928 19:18:27.974" endtime="20230928 19:18:28.102"/>
</kw>
<kw name="Select From List By Value" library="RPA.Browser.Selenium">
<arg>salestarget</arg>
<arg>${sales_rep}[Sales Target]</arg>
<doc>Selects options from selection list ``locator`` by ``values``.</doc>
<msg timestamp="20230928 19:18:28.115" level="INFO">Selecting options from selection list 'salestarget' by value 30000.</msg>
<status status="PASS" starttime="20230928 19:18:28.102" endtime="20230928 19:18:28.199"/>
</kw>
<kw name="Click Button" library="RPA.Browser.Selenium">
<arg>Submit</arg>
<doc>Clicks the button identified by ``locator``.</doc>
<msg timestamp="20230928 19:18:28.199" level="INFO">Clicking button 'Submit'.</msg>
<status status="PASS" starttime="20230928 19:18:28.199" endtime="20230928 19:18:28.318"/>
</kw>
<status status="PASS" starttime="20230928 19:18:27.652" endtime="20230928 19:18:28.318"/>
</kw>
<status status="PASS" starttime="20230928 19:18:27.647" endtime="20230928 19:18:28.330"/>
</iter>
<status status="PASS" starttime="20230928 19:17:49.610" endtime="20230928 19:18:28.333"/>
</for>
<status status="PASS" starttime="20230928 19:17:49.441" endtime="20230928 19:18:28.336"/>
</kw>
<status status="PASS" starttime="20230928 19:17:39.956" endtime="20230928 19:18:28.342"/>
</test>
<doc>Insert the sales data for the week and export it as a PDF.</doc>
<status status="PASS" starttime="20230928 19:17:35.538" endtime="20230928 19:18:28.366"/>
</suite>
<statistics>
<total>
<stat pass="1" fail="0" skip="0">All Tasks</stat>
</total>
<tag>
</tag>
<suite>
<stat pass="1" fail="0" skip="0" id="s1" name="Tasks">Tasks</stat>
</suite>
</statistics>
<errors>
</errors>
</robot>
